{"C:\\Users\\YASHVANT\\Desktop\\capstone\\backend\\src\\middlewares\\auth.ts": {"path":"C:\\Users\\YASHVANT\\Desktop\\capstone\\backend\\src\\middlewares\\auth.ts","statementMap":{"0":{"start":{"line":20,"column":17},"end":{"line":20,"column":42}},"1":{"start":{"line":21,"column":2},"end":{"line":23,"column":3}},"2":{"start":{"line":22,"column":4},"end":{"line":22,"column":78}},"3":{"start":{"line":25,"column":16},"end":{"line":25,"column":36}},"4":{"start":{"line":27,"column":2},"end":{"line":37,"column":3}},"5":{"start":{"line":28,"column":20},"end":{"line":31,"column":19}},"6":{"start":{"line":33,"column":4},"end":{"line":33,"column":23}},"7":{"start":{"line":34,"column":4},"end":{"line":34,"column":11}},"8":{"start":{"line":36,"column":4},"end":{"line":36,"column":56}},"9":{"start":{"line":41,"column":2},"end":{"line":43,"column":3}},"10":{"start":{"line":42,"column":4},"end":{"line":42,"column":62}},"11":{"start":{"line":45,"column":2},"end":{"line":47,"column":3}},"12":{"start":{"line":46,"column":4},"end":{"line":46,"column":60}},"13":{"start":{"line":49,"column":2},"end":{"line":49,"column":9}}},"fnMap":{"0":{"name":"requireAuth","decl":{"start":{"line":19,"column":16},"end":{"line":19,"column":27}},"loc":{"start":{"line":19,"column":77},"end":{"line":38,"column":1}},"line":19},"1":{"name":"requireAdmin","decl":{"start":{"line":40,"column":16},"end":{"line":40,"column":28}},"loc":{"start":{"line":40,"column":78},"end":{"line":50,"column":1}},"line":40}},"branchMap":{"0":{"loc":{"start":{"line":21,"column":2},"end":{"line":23,"column":3}},"type":"if","locations":[{"start":{"line":21,"column":2},"end":{"line":23,"column":3}},{"start":{},"end":{}}],"line":21},"1":{"loc":{"start":{"line":21,"column":6},"end":{"line":21,"column":46}},"type":"binary-expr","locations":[{"start":{"line":21,"column":6},"end":{"line":21,"column":13}},{"start":{"line":21,"column":17},"end":{"line":21,"column":46}}],"line":21},"2":{"loc":{"start":{"line":30,"column":6},"end":{"line":30,"column":59}},"type":"binary-expr","locations":[{"start":{"line":30,"column":6},"end":{"line":30,"column":28}},{"start":{"line":30,"column":32},"end":{"line":30,"column":59}}],"line":30},"3":{"loc":{"start":{"line":41,"column":2},"end":{"line":43,"column":3}},"type":"if","locations":[{"start":{"line":41,"column":2},"end":{"line":43,"column":3}},{"start":{},"end":{}}],"line":41},"4":{"loc":{"start":{"line":45,"column":2},"end":{"line":47,"column":3}},"type":"if","locations":[{"start":{"line":45,"column":2},"end":{"line":47,"column":3}},{"start":{},"end":{}}],"line":45}},"s":{"0":3,"1":3,"2":1,"3":2,"4":2,"5":2,"6":1,"7":1,"8":1,"9":2,"10":0,"11":2,"12":1,"13":1},"f":{"0":3,"1":2},"b":{"0":[1,2],"1":[3,2],"2":[2,2],"3":[0,2],"4":[1,1]},"_coverageSchema":"1a1c01bbd47fc00a2c39e90264f33305004495a9","hash":"e270301a89df626184506227fd3bae1c11e79f92"}
,"C:\\Users\\YASHVANT\\Desktop\\capstone\\backend\\src\\middlewares\\errorHandler.ts": {"path":"C:\\Users\\YASHVANT\\Desktop\\capstone\\backend\\src\\middlewares\\errorHandler.ts","statementMap":{"0":{"start":{"line":7,"column":4},"end":{"line":7,"column":19}},"1":{"start":{"line":8,"column":4},"end":{"line":8,"column":25}},"2":{"start":{"line":9,"column":4},"end":{"line":9,"column":52}},"3":{"start":{"line":19,"column":2},"end":{"line":19,"column":21}},"4":{"start":{"line":21,"column":17},"end":{"line":21,"column":59}},"5":{"start":{"line":22,"column":18},"end":{"line":22,"column":56}},"6":{"start":{"line":24,"column":2},"end":{"line":28,"column":5}}},"fnMap":{"0":{"name":"(anonymous_0)","decl":{"start":{"line":6,"column":2},"end":{"line":6,"column":3}},"loc":{"start":{"line":6,"column":47},"end":{"line":10,"column":3}},"line":6},"1":{"name":"errorHandler","decl":{"start":{"line":13,"column":16},"end":{"line":13,"column":28}},"loc":{"start":{"line":18,"column":2},"end":{"line":29,"column":1}},"line":18}},"branchMap":{"0":{"loc":{"start":{"line":21,"column":17},"end":{"line":21,"column":59}},"type":"cond-expr","locations":[{"start":{"line":21,"column":43},"end":{"line":21,"column":53}},{"start":{"line":21,"column":56},"end":{"line":21,"column":59}}],"line":21},"1":{"loc":{"start":{"line":22,"column":18},"end":{"line":22,"column":56}},"type":"binary-expr","locations":[{"start":{"line":22,"column":18},"end":{"line":22,"column":29}},{"start":{"line":22,"column":33},"end":{"line":22,"column":56}}],"line":22}},"s":{"0":20,"1":20,"2":20,"3":16,"4":16,"5":16,"6":16},"f":{"0":20,"1":16},"b":{"0":[16,0],"1":[16,0]},"_coverageSchema":"1a1c01bbd47fc00a2c39e90264f33305004495a9","hash":"b0bbe297da457e50070940242140e99ea1ce96e8"}
,"C:\\Users\\YASHVANT\\Desktop\\capstone\\backend\\src\\routes\\admin.routes.ts": {"path":"C:\\Users\\YASHVANT\\Desktop\\capstone\\backend\\src\\routes\\admin.routes.ts","statementMap":{"0":{"start":{"line":5,"column":15},"end":{"line":5,"column":31}},"1":{"start":{"line":7,"column":0},"end":{"line":7,"column":38}},"2":{"start":{"line":10,"column":0},"end":{"line":51,"column":3}},"3":{"start":{"line":11,"column":2},"end":{"line":50,"column":3}},"4":{"start":{"line":12,"column":23},"end":{"line":12,"column":48}},"5":{"start":{"line":13,"column":24},"end":{"line":13,"column":50}},"6":{"start":{"line":14,"column":26},"end":{"line":14,"column":54}},"7":{"start":{"line":16,"column":19},"end":{"line":19,"column":6}},"8":{"start":{"line":20,"column":25},"end":{"line":20,"column":76}},"9":{"start":{"line":20,"column":55},"end":{"line":20,"column":72}},"10":{"start":{"line":23,"column":25},"end":{"line":26,"column":6}},"11":{"start":{"line":28,"column":23},"end":{"line":32,"column":10}},"12":{"start":{"line":29,"column":19},"end":{"line":29,"column":62}},"13":{"start":{"line":30,"column":6},"end":{"line":30,"column":49}},"14":{"start":{"line":31,"column":6},"end":{"line":31,"column":17}},"15":{"start":{"line":34,"column":22},"end":{"line":37,"column":52}},"16":{"start":{"line":34,"column":59},"end":{"line":37,"column":5}},"17":{"start":{"line":37,"column":23},"end":{"line":37,"column":51}},"18":{"start":{"line":39,"column":4},"end":{"line":47,"column":7}},"19":{"start":{"line":49,"column":4},"end":{"line":49,"column":16}},"20":{"start":{"line":54,"column":0},"end":{"line":64,"column":3}},"21":{"start":{"line":55,"column":2},"end":{"line":63,"column":3}},"22":{"start":{"line":56,"column":19},"end":{"line":59,"column":6}},"23":{"start":{"line":60,"column":4},"end":{"line":60,"column":31}},"24":{"start":{"line":62,"column":4},"end":{"line":62,"column":16}},"25":{"start":{"line":67,"column":0},"end":{"line":78,"column":3}},"26":{"start":{"line":68,"column":2},"end":{"line":77,"column":3}},"27":{"start":{"line":69,"column":23},"end":{"line":69,"column":31}},"28":{"start":{"line":70,"column":18},"end":{"line":73,"column":6}},"29":{"start":{"line":74,"column":4},"end":{"line":74,"column":20}},"30":{"start":{"line":76,"column":4},"end":{"line":76,"column":16}}},"fnMap":{"0":{"name":"(anonymous_0)","decl":{"start":{"line":10,"column":25},"end":{"line":10,"column":26}},"loc":{"start":{"line":10,"column":84},"end":{"line":51,"column":1}},"line":10},"1":{"name":"(anonymous_1)","decl":{"start":{"line":20,"column":39},"end":{"line":20,"column":40}},"loc":{"start":{"line":20,"column":55},"end":{"line":20,"column":72}},"line":20},"2":{"name":"(anonymous_2)","decl":{"start":{"line":28,"column":43},"end":{"line":28,"column":44}},"loc":{"start":{"line":28,"column":64},"end":{"line":32,"column":5}},"line":28},"3":{"name":"(anonymous_3)","decl":{"start":{"line":34,"column":50},"end":{"line":34,"column":51}},"loc":{"start":{"line":34,"column":59},"end":{"line":37,"column":5}},"line":34},"4":{"name":"(anonymous_4)","decl":{"start":{"line":37,"column":13},"end":{"line":37,"column":14}},"loc":{"start":{"line":37,"column":23},"end":{"line":37,"column":51}},"line":37},"5":{"name":"(anonymous_5)","decl":{"start":{"line":54,"column":22},"end":{"line":54,"column":23}},"loc":{"start":{"line":54,"column":81},"end":{"line":64,"column":1}},"line":54},"6":{"name":"(anonymous_6)","decl":{"start":{"line":67,"column":33},"end":{"line":67,"column":34}},"loc":{"start":{"line":67,"column":92},"end":{"line":78,"column":1}},"line":67}},"branchMap":{"0":{"loc":{"start":{"line":30,"column":19},"end":{"line":30,"column":33}},"type":"binary-expr","locations":[{"start":{"line":30,"column":19},"end":{"line":30,"column":28}},{"start":{"line":30,"column":32},"end":{"line":30,"column":33}}],"line":30}},"s":{"0":1,"1":1,"2":1,"3":1,"4":1,"5":1,"6":1,"7":1,"8":1,"9":1,"10":1,"11":1,"12":1,"13":1,"14":1,"15":1,"16":1,"17":0,"18":1,"19":0,"20":1,"21":1,"22":1,"23":1,"24":0,"25":1,"26":1,"27":1,"28":1,"29":1,"30":0},"f":{"0":1,"1":1,"2":1,"3":1,"4":0,"5":1,"6":1},"b":{"0":[1,1]},"_coverageSchema":"1a1c01bbd47fc00a2c39e90264f33305004495a9","hash":"1a6e1411d93f48c8bbf261be0d3c77dde33d7a02"}
,"C:\\Users\\YASHVANT\\Desktop\\capstone\\backend\\src\\routes\\auth.routes.ts": {"path":"C:\\Users\\YASHVANT\\Desktop\\capstone\\backend\\src\\routes\\auth.routes.ts","statementMap":{"0":{"start":{"line":8,"column":15},"end":{"line":8,"column":31}},"1":{"start":{"line":10,"column":19},"end":{"line":10,"column":72}},"2":{"start":{"line":11,"column":23},"end":{"line":11,"column":75}},"3":{"start":{"line":13,"column":23},"end":{"line":17,"column":2}},"4":{"start":{"line":19,"column":20},"end":{"line":22,"column":2}},"5":{"start":{"line":25,"column":2},"end":{"line":29,"column":4}},"6":{"start":{"line":33,"column":2},"end":{"line":37,"column":4}},"7":{"start":{"line":41,"column":0},"end":{"line":84,"column":3}},"8":{"start":{"line":42,"column":2},"end":{"line":83,"column":3}},"9":{"start":{"line":43,"column":19},"end":{"line":43,"column":53}},"10":{"start":{"line":44,"column":4},"end":{"line":46,"column":5}},"11":{"start":{"line":45,"column":6},"end":{"line":45,"column":102}},"12":{"start":{"line":45,"column":79},"end":{"line":45,"column":88}},"13":{"start":{"line":48,"column":38},"end":{"line":48,"column":49}},"14":{"start":{"line":50,"column":21},"end":{"line":50,"column":92}},"15":{"start":{"line":51,"column":4},"end":{"line":53,"column":5}},"16":{"start":{"line":52,"column":6},"end":{"line":52,"column":75}},"17":{"start":{"line":55,"column":19},"end":{"line":55,"column":50}},"18":{"start":{"line":56,"column":20},"end":{"line":65,"column":6}},"19":{"start":{"line":67,"column":24},"end":{"line":67,"column":48}},"20":{"start":{"line":68,"column":25},"end":{"line":68,"column":50}},"21":{"start":{"line":70,"column":4},"end":{"line":75,"column":7}},"22":{"start":{"line":77,"column":4},"end":{"line":80,"column":7}},"23":{"start":{"line":82,"column":4},"end":{"line":82,"column":14}},"24":{"start":{"line":87,"column":0},"end":{"line":119,"column":3}},"25":{"start":{"line":88,"column":2},"end":{"line":118,"column":3}},"26":{"start":{"line":89,"column":19},"end":{"line":89,"column":50}},"27":{"start":{"line":90,"column":4},"end":{"line":92,"column":5}},"28":{"start":{"line":91,"column":6},"end":{"line":91,"column":59}},"29":{"start":{"line":94,"column":32},"end":{"line":94,"column":43}},"30":{"start":{"line":96,"column":17},"end":{"line":96,"column":88}},"31":{"start":{"line":97,"column":4},"end":{"line":97,"column":68}},"32":{"start":{"line":97,"column":15},"end":{"line":97,"column":68}},"33":{"start":{"line":99,"column":18},"end":{"line":99,"column":67}},"34":{"start":{"line":100,"column":4},"end":{"line":100,"column":69}},"35":{"start":{"line":100,"column":16},"end":{"line":100,"column":69}},"36":{"start":{"line":102,"column":24},"end":{"line":102,"column":45}},"37":{"start":{"line":103,"column":25},"end":{"line":103,"column":47}},"38":{"start":{"line":105,"column":4},"end":{"line":110,"column":7}},"39":{"start":{"line":112,"column":4},"end":{"line":115,"column":7}},"40":{"start":{"line":117,"column":4},"end":{"line":117,"column":14}},"41":{"start":{"line":122,"column":0},"end":{"line":147,"column":3}},"42":{"start":{"line":123,"column":2},"end":{"line":146,"column":3}},"43":{"start":{"line":124,"column":18},"end":{"line":124,"column":109}},"44":{"start":{"line":124,"column":62},"end":{"line":124,"column":93}},"45":{"start":{"line":126,"column":4},"end":{"line":126,"column":69}},"46":{"start":{"line":126,"column":16},"end":{"line":126,"column":69}},"47":{"start":{"line":128,"column":20},"end":{"line":128,"column":60}},"48":{"start":{"line":130,"column":17},"end":{"line":130,"column":76}},"49":{"start":{"line":131,"column":4},"end":{"line":131,"column":57}},"50":{"start":{"line":131,"column":15},"end":{"line":131,"column":57}},"51":{"start":{"line":133,"column":24},"end":{"line":133,"column":45}},"52":{"start":{"line":134,"column":28},"end":{"line":134,"column":50}},"53":{"start":{"line":136,"column":4},"end":{"line":141,"column":7}},"54":{"start":{"line":143,"column":4},"end":{"line":143,"column":30}},"55":{"start":{"line":145,"column":4},"end":{"line":145,"column":64}},"56":{"start":{"line":150,"column":0},"end":{"line":153,"column":3}},"57":{"start":{"line":151,"column":2},"end":{"line":151,"column":34}},"58":{"start":{"line":152,"column":2},"end":{"line":152,"column":51}}},"fnMap":{"0":{"name":"signAccessToken","decl":{"start":{"line":24,"column":9},"end":{"line":24,"column":24}},"loc":{"start":{"line":24,"column":36},"end":{"line":30,"column":1}},"line":24},"1":{"name":"signRefreshToken","decl":{"start":{"line":32,"column":9},"end":{"line":32,"column":25}},"loc":{"start":{"line":32,"column":37},"end":{"line":38,"column":1}},"line":32},"2":{"name":"(anonymous_2)","decl":{"start":{"line":41,"column":25},"end":{"line":41,"column":26}},"loc":{"start":{"line":41,"column":84},"end":{"line":84,"column":1}},"line":41},"3":{"name":"(anonymous_3)","decl":{"start":{"line":45,"column":74},"end":{"line":45,"column":75}},"loc":{"start":{"line":45,"column":79},"end":{"line":45,"column":88}},"line":45},"4":{"name":"(anonymous_4)","decl":{"start":{"line":87,"column":22},"end":{"line":87,"column":23}},"loc":{"start":{"line":87,"column":81},"end":{"line":119,"column":1}},"line":87},"5":{"name":"(anonymous_5)","decl":{"start":{"line":122,"column":24},"end":{"line":122,"column":25}},"loc":{"start":{"line":122,"column":83},"end":{"line":147,"column":1}},"line":122},"6":{"name":"(anonymous_6)","decl":{"start":{"line":124,"column":55},"end":{"line":124,"column":56}},"loc":{"start":{"line":124,"column":62},"end":{"line":124,"column":93}},"line":124},"7":{"name":"(anonymous_7)","decl":{"start":{"line":150,"column":23},"end":{"line":150,"column":24}},"loc":{"start":{"line":150,"column":56},"end":{"line":153,"column":1}},"line":150}},"branchMap":{"0":{"loc":{"start":{"line":10,"column":19},"end":{"line":10,"column":72}},"type":"binary-expr","locations":[{"start":{"line":10,"column":19},"end":{"line":10,"column":41}},{"start":{"line":10,"column":45},"end":{"line":10,"column":72}}],"line":10},"1":{"loc":{"start":{"line":11,"column":23},"end":{"line":11,"column":75}},"type":"binary-expr","locations":[{"start":{"line":11,"column":23},"end":{"line":11,"column":49}},{"start":{"line":11,"column":53},"end":{"line":11,"column":75}}],"line":11},"2":{"loc":{"start":{"line":44,"column":4},"end":{"line":46,"column":5}},"type":"if","locations":[{"start":{"line":44,"column":4},"end":{"line":46,"column":5}},{"start":{},"end":{}}],"line":44},"3":{"loc":{"start":{"line":51,"column":4},"end":{"line":53,"column":5}},"type":"if","locations":[{"start":{"line":51,"column":4},"end":{"line":53,"column":5}},{"start":{},"end":{}}],"line":51},"4":{"loc":{"start":{"line":90,"column":4},"end":{"line":92,"column":5}},"type":"if","locations":[{"start":{"line":90,"column":4},"end":{"line":92,"column":5}},{"start":{},"end":{}}],"line":90},"5":{"loc":{"start":{"line":97,"column":4},"end":{"line":97,"column":68}},"type":"if","locations":[{"start":{"line":97,"column":4},"end":{"line":97,"column":68}},{"start":{},"end":{}}],"line":97},"6":{"loc":{"start":{"line":100,"column":4},"end":{"line":100,"column":69}},"type":"if","locations":[{"start":{"line":100,"column":4},"end":{"line":100,"column":69}},{"start":{},"end":{}}],"line":100},"7":{"loc":{"start":{"line":126,"column":4},"end":{"line":126,"column":69}},"type":"if","locations":[{"start":{"line":126,"column":4},"end":{"line":126,"column":69}},{"start":{},"end":{}}],"line":126},"8":{"loc":{"start":{"line":131,"column":4},"end":{"line":131,"column":57}},"type":"if","locations":[{"start":{"line":131,"column":4},"end":{"line":131,"column":57}},{"start":{},"end":{}}],"line":131}},"s":{"0":1,"1":1,"2":1,"3":1,"4":1,"5":2,"6":2,"7":1,"8":3,"9":3,"10":3,"11":1,"12":3,"13":2,"14":2,"15":2,"16":1,"17":1,"18":1,"19":1,"20":1,"21":1,"22":1,"23":2,"24":1,"25":4,"26":4,"27":4,"28":1,"29":3,"30":3,"31":3,"32":1,"33":2,"34":2,"35":1,"36":1,"37":1,"38":1,"39":1,"40":3,"41":1,"42":1,"43":1,"44":0,"45":1,"46":1,"47":0,"48":0,"49":0,"50":0,"51":0,"52":0,"53":0,"54":0,"55":1,"56":1,"57":1,"58":1},"f":{"0":2,"1":2,"2":3,"3":3,"4":4,"5":1,"6":0,"7":1},"b":{"0":[1,0],"1":[1,0],"2":[1,2],"3":[1,1],"4":[1,3],"5":[1,2],"6":[1,1],"7":[1,0],"8":[0,0]},"_coverageSchema":"1a1c01bbd47fc00a2c39e90264f33305004495a9","hash":"5949ef5183769989d7cc4b5614e8df76e4d0856d"}
,"C:\\Users\\YASHVANT\\Desktop\\capstone\\backend\\src\\routes\\cart.routes.ts": {"path":"C:\\Users\\YASHVANT\\Desktop\\capstone\\backend\\src\\routes\\cart.routes.ts","statementMap":{"0":{"start":{"line":6,"column":15},"end":{"line":6,"column":31}},"1":{"start":{"line":7,"column":0},"end":{"line":7,"column":24}},"2":{"start":{"line":10,"column":0},"end":{"line":28,"column":3}},"3":{"start":{"line":11,"column":2},"end":{"line":27,"column":3}},"4":{"start":{"line":12,"column":15},"end":{"line":15,"column":6}},"5":{"start":{"line":17,"column":4},"end":{"line":22,"column":5}},"6":{"start":{"line":18,"column":6},"end":{"line":21,"column":9}},"7":{"start":{"line":24,"column":4},"end":{"line":24,"column":19}},"8":{"start":{"line":26,"column":4},"end":{"line":26,"column":14}},"9":{"start":{"line":31,"column":0},"end":{"line":64,"column":3}},"10":{"start":{"line":32,"column":2},"end":{"line":63,"column":3}},"11":{"start":{"line":33,"column":40},"end":{"line":33,"column":48}},"12":{"start":{"line":35,"column":15},"end":{"line":35,"column":80}},"13":{"start":{"line":36,"column":4},"end":{"line":38,"column":5}},"14":{"start":{"line":37,"column":6},"end":{"line":37,"column":74}},"15":{"start":{"line":40,"column":25},"end":{"line":42,"column":6}},"16":{"start":{"line":44,"column":4},"end":{"line":53,"column":5}},"17":{"start":{"line":45,"column":6},"end":{"line":48,"column":9}},"18":{"start":{"line":50,"column":6},"end":{"line":52,"column":9}},"19":{"start":{"line":55,"column":24},"end":{"line":58,"column":6}},"20":{"start":{"line":60,"column":4},"end":{"line":60,"column":26}},"21":{"start":{"line":62,"column":4},"end":{"line":62,"column":14}},"22":{"start":{"line":67,"column":0},"end":{"line":94,"column":3}},"23":{"start":{"line":68,"column":2},"end":{"line":93,"column":3}},"24":{"start":{"line":69,"column":25},"end":{"line":69,"column":33}},"25":{"start":{"line":70,"column":17},"end":{"line":70,"column":116}},"26":{"start":{"line":72,"column":4},"end":{"line":74,"column":5}},"27":{"start":{"line":73,"column":6},"end":{"line":73,"column":53}},"28":{"start":{"line":76,"column":4},"end":{"line":83,"column":5}},"29":{"start":{"line":77,"column":6},"end":{"line":77,"column":77}},"30":{"start":{"line":79,"column":6},"end":{"line":82,"column":9}},"31":{"start":{"line":85,"column":24},"end":{"line":88,"column":6}},"32":{"start":{"line":90,"column":4},"end":{"line":90,"column":26}},"33":{"start":{"line":92,"column":4},"end":{"line":92,"column":14}},"34":{"start":{"line":97,"column":0},"end":{"line":112,"column":3}},"35":{"start":{"line":98,"column":2},"end":{"line":111,"column":3}},"36":{"start":{"line":99,"column":17},"end":{"line":99,"column":116}},"37":{"start":{"line":100,"column":4},"end":{"line":100,"column":99}},"38":{"start":{"line":100,"column":52},"end":{"line":100,"column":99}},"39":{"start":{"line":102,"column":4},"end":{"line":102,"column":75}},"40":{"start":{"line":104,"column":24},"end":{"line":107,"column":6}},"41":{"start":{"line":108,"column":4},"end":{"line":108,"column":26}},"42":{"start":{"line":110,"column":4},"end":{"line":110,"column":14}}},"fnMap":{"0":{"name":"(anonymous_0)","decl":{"start":{"line":10,"column":16},"end":{"line":10,"column":17}},"loc":{"start":{"line":10,"column":75},"end":{"line":28,"column":1}},"line":10},"1":{"name":"(anonymous_1)","decl":{"start":{"line":31,"column":22},"end":{"line":31,"column":23}},"loc":{"start":{"line":31,"column":81},"end":{"line":64,"column":1}},"line":31},"2":{"name":"(anonymous_2)","decl":{"start":{"line":67,"column":25},"end":{"line":67,"column":26}},"loc":{"start":{"line":67,"column":84},"end":{"line":94,"column":1}},"line":67},"3":{"name":"(anonymous_3)","decl":{"start":{"line":97,"column":28},"end":{"line":97,"column":29}},"loc":{"start":{"line":97,"column":87},"end":{"line":112,"column":1}},"line":97}},"branchMap":{"0":{"loc":{"start":{"line":17,"column":4},"end":{"line":22,"column":5}},"type":"if","locations":[{"start":{"line":17,"column":4},"end":{"line":22,"column":5}},{"start":{},"end":{}}],"line":17},"1":{"loc":{"start":{"line":33,"column":23},"end":{"line":33,"column":35}},"type":"default-arg","locations":[{"start":{"line":33,"column":34},"end":{"line":33,"column":35}}],"line":33},"2":{"loc":{"start":{"line":36,"column":4},"end":{"line":38,"column":5}},"type":"if","locations":[{"start":{"line":36,"column":4},"end":{"line":38,"column":5}},{"start":{},"end":{}}],"line":36},"3":{"loc":{"start":{"line":44,"column":4},"end":{"line":53,"column":5}},"type":"if","locations":[{"start":{"line":44,"column":4},"end":{"line":53,"column":5}},{"start":{"line":49,"column":11},"end":{"line":53,"column":5}}],"line":44},"4":{"loc":{"start":{"line":72,"column":4},"end":{"line":74,"column":5}},"type":"if","locations":[{"start":{"line":72,"column":4},"end":{"line":74,"column":5}},{"start":{},"end":{}}],"line":72},"5":{"loc":{"start":{"line":72,"column":8},"end":{"line":72,"column":50}},"type":"binary-expr","locations":[{"start":{"line":72,"column":8},"end":{"line":72,"column":13}},{"start":{"line":72,"column":17},"end":{"line":72,"column":50}}],"line":72},"6":{"loc":{"start":{"line":76,"column":4},"end":{"line":83,"column":5}},"type":"if","locations":[{"start":{"line":76,"column":4},"end":{"line":83,"column":5}},{"start":{"line":78,"column":11},"end":{"line":83,"column":5}}],"line":76},"7":{"loc":{"start":{"line":100,"column":4},"end":{"line":100,"column":99}},"type":"if","locations":[{"start":{"line":100,"column":4},"end":{"line":100,"column":99}},{"start":{},"end":{}}],"line":100},"8":{"loc":{"start":{"line":100,"column":8},"end":{"line":100,"column":50}},"type":"binary-expr","locations":[{"start":{"line":100,"column":8},"end":{"line":100,"column":13}},{"start":{"line":100,"column":17},"end":{"line":100,"column":50}}],"line":100}},"s":{"0":1,"1":1,"2":1,"3":1,"4":1,"5":1,"6":1,"7":1,"8":0,"9":1,"10":2,"11":2,"12":2,"13":2,"14":0,"15":2,"16":2,"17":1,"18":1,"19":2,"20":2,"21":0,"22":1,"23":3,"24":3,"25":3,"26":3,"27":1,"28":2,"29":1,"30":1,"31":2,"32":2,"33":1,"34":1,"35":2,"36":2,"37":2,"38":1,"39":1,"40":1,"41":1,"42":1},"f":{"0":1,"1":2,"2":3,"3":2},"b":{"0":[1,0],"1":[0],"2":[0,2],"3":[1,1],"4":[1,2],"5":[3,2],"6":[1,1],"7":[1,1],"8":[2,1]},"_coverageSchema":"1a1c01bbd47fc00a2c39e90264f33305004495a9","hash":"953a493019e4f9c716dbba95bdd1555337f9fa49"}
,"C:\\Users\\YASHVANT\\Desktop\\capstone\\backend\\src\\routes\\coupons.routes.ts": {"path":"C:\\Users\\YASHVANT\\Desktop\\capstone\\backend\\src\\routes\\coupons.routes.ts","statementMap":{"0":{"start":{"line":6,"column":15},"end":{"line":6,"column":31}},"1":{"start":{"line":9,"column":0},"end":{"line":26,"column":3}},"2":{"start":{"line":10,"column":2},"end":{"line":25,"column":3}},"3":{"start":{"line":11,"column":19},"end":{"line":11,"column":95}},"4":{"start":{"line":12,"column":4},"end":{"line":12,"column":61}},"5":{"start":{"line":12,"column":17},"end":{"line":12,"column":61}},"6":{"start":{"line":14,"column":4},"end":{"line":16,"column":5}},"7":{"start":{"line":15,"column":6},"end":{"line":15,"column":63}},"8":{"start":{"line":18,"column":4},"end":{"line":20,"column":5}},"9":{"start":{"line":19,"column":6},"end":{"line":19,"column":60}},"10":{"start":{"line":22,"column":4},"end":{"line":22,"column":21}},"11":{"start":{"line":24,"column":4},"end":{"line":24,"column":16}},"12":{"start":{"line":29,"column":0},"end":{"line":29,"column":38}},"13":{"start":{"line":32,"column":0},"end":{"line":39,"column":3}},"14":{"start":{"line":33,"column":2},"end":{"line":38,"column":3}},"15":{"start":{"line":34,"column":20},"end":{"line":34,"column":84}},"16":{"start":{"line":35,"column":4},"end":{"line":35,"column":32}},"17":{"start":{"line":37,"column":4},"end":{"line":37,"column":16}},"18":{"start":{"line":42,"column":0},"end":{"line":49,"column":3}},"19":{"start":{"line":43,"column":2},"end":{"line":48,"column":3}},"20":{"start":{"line":44,"column":19},"end":{"line":44,"column":65}},"21":{"start":{"line":45,"column":4},"end":{"line":45,"column":33}},"22":{"start":{"line":47,"column":4},"end":{"line":47,"column":16}},"23":{"start":{"line":52,"column":0},"end":{"line":62,"column":3}},"24":{"start":{"line":53,"column":2},"end":{"line":61,"column":3}},"25":{"start":{"line":54,"column":19},"end":{"line":57,"column":6}},"26":{"start":{"line":58,"column":4},"end":{"line":58,"column":21}},"27":{"start":{"line":60,"column":4},"end":{"line":60,"column":16}}},"fnMap":{"0":{"name":"(anonymous_0)","decl":{"start":{"line":9,"column":43},"end":{"line":9,"column":44}},"loc":{"start":{"line":9,"column":102},"end":{"line":26,"column":1}},"line":9},"1":{"name":"(anonymous_1)","decl":{"start":{"line":32,"column":16},"end":{"line":32,"column":17}},"loc":{"start":{"line":32,"column":75},"end":{"line":39,"column":1}},"line":32},"2":{"name":"(anonymous_2)","decl":{"start":{"line":42,"column":17},"end":{"line":42,"column":18}},"loc":{"start":{"line":42,"column":76},"end":{"line":49,"column":1}},"line":42},"3":{"name":"(anonymous_3)","decl":{"start":{"line":52,"column":19},"end":{"line":52,"column":20}},"loc":{"start":{"line":52,"column":78},"end":{"line":62,"column":1}},"line":52}},"branchMap":{"0":{"loc":{"start":{"line":12,"column":4},"end":{"line":12,"column":61}},"type":"if","locations":[{"start":{"line":12,"column":4},"end":{"line":12,"column":61}},{"start":{},"end":{}}],"line":12},"1":{"loc":{"start":{"line":14,"column":4},"end":{"line":16,"column":5}},"type":"if","locations":[{"start":{"line":14,"column":4},"end":{"line":16,"column":5}},{"start":{},"end":{}}],"line":14},"2":{"loc":{"start":{"line":14,"column":8},"end":{"line":14,"column":58}},"type":"binary-expr","locations":[{"start":{"line":14,"column":8},"end":{"line":14,"column":24}},{"start":{"line":14,"column":28},"end":{"line":14,"column":58}}],"line":14},"3":{"loc":{"start":{"line":18,"column":4},"end":{"line":20,"column":5}},"type":"if","locations":[{"start":{"line":18,"column":4},"end":{"line":20,"column":5}},{"start":{},"end":{}}],"line":18},"4":{"loc":{"start":{"line":18,"column":8},"end":{"line":18,"column":60}},"type":"binary-expr","locations":[{"start":{"line":18,"column":8},"end":{"line":18,"column":22}},{"start":{"line":18,"column":26},"end":{"line":18,"column":60}}],"line":18}},"s":{"0":1,"1":1,"2":4,"3":4,"4":4,"5":1,"6":3,"7":1,"8":2,"9":1,"10":1,"11":3,"12":1,"13":1,"14":1,"15":1,"16":1,"17":0,"18":1,"19":1,"20":1,"21":1,"22":0,"23":1,"24":1,"25":1,"26":1,"27":0},"f":{"0":4,"1":1,"2":1,"3":1},"b":{"0":[1,3],"1":[1,2],"2":[3,3],"3":[1,1],"4":[2,2]},"_coverageSchema":"1a1c01bbd47fc00a2c39e90264f33305004495a9","hash":"d4819806aef7fafcb0aab25381c78387f3555b02"}
,"C:\\Users\\YASHVANT\\Desktop\\capstone\\backend\\src\\routes\\orders.routes.ts": {"path":"C:\\Users\\YASHVANT\\Desktop\\capstone\\backend\\src\\routes\\orders.routes.ts","statementMap":{"0":{"start":{"line":8,"column":15},"end":{"line":8,"column":31}},"1":{"start":{"line":9,"column":0},"end":{"line":9,"column":24}},"2":{"start":{"line":11,"column":20},"end":{"line":18,"column":2}},"3":{"start":{"line":21,"column":0},"end":{"line":118,"column":3}},"4":{"start":{"line":22,"column":2},"end":{"line":117,"column":3}},"5":{"start":{"line":23,"column":19},"end":{"line":23,"column":50}},"6":{"start":{"line":24,"column":4},"end":{"line":26,"column":5}},"7":{"start":{"line":25,"column":6},"end":{"line":25,"column":102}},"8":{"start":{"line":25,"column":79},"end":{"line":25,"column":88}},"9":{"start":{"line":28,"column":51},"end":{"line":28,"column":62}},"10":{"start":{"line":30,"column":16},"end":{"line":30,"column":17}},"11":{"start":{"line":31,"column":34},"end":{"line":31,"column":36}},"12":{"start":{"line":33,"column":4},"end":{"line":44,"column":5}},"13":{"start":{"line":34,"column":22},"end":{"line":34,"column":88}},"14":{"start":{"line":35,"column":6},"end":{"line":35,"column":84}},"15":{"start":{"line":35,"column":20},"end":{"line":35,"column":84}},"16":{"start":{"line":36,"column":6},"end":{"line":36,"column":107}},"17":{"start":{"line":36,"column":41},"end":{"line":36,"column":107}},"18":{"start":{"line":38,"column":6},"end":{"line":38,"column":45}},"19":{"start":{"line":39,"column":6},"end":{"line":43,"column":9}},"20":{"start":{"line":46,"column":19},"end":{"line":46,"column":20}},"21":{"start":{"line":47,"column":24},"end":{"line":47,"column":28}},"22":{"start":{"line":49,"column":4},"end":{"line":67,"column":5}},"23":{"start":{"line":50,"column":21},"end":{"line":50,"column":84}},"24":{"start":{"line":51,"column":6},"end":{"line":51,"column":66}},"25":{"start":{"line":51,"column":19},"end":{"line":51,"column":66}},"26":{"start":{"line":52,"column":6},"end":{"line":52,"column":119}},"27":{"start":{"line":52,"column":62},"end":{"line":52,"column":119}},"28":{"start":{"line":53,"column":6},"end":{"line":53,"column":131}},"29":{"start":{"line":53,"column":40},"end":{"line":53,"column":131}},"30":{"start":{"line":54,"column":6},"end":{"line":54,"column":112}},"31":{"start":{"line":54,"column":64},"end":{"line":54,"column":112}},"32":{"start":{"line":56,"column":22},"end":{"line":58,"column":8}},"33":{"start":{"line":59,"column":6},"end":{"line":59,"column":80}},"34":{"start":{"line":59,"column":19},"end":{"line":59,"column":80}},"35":{"start":{"line":61,"column":6},"end":{"line":65,"column":7}},"36":{"start":{"line":62,"column":8},"end":{"line":62,"column":56}},"37":{"start":{"line":64,"column":8},"end":{"line":64,"column":40}},"38":{"start":{"line":66,"column":6},"end":{"line":66,"column":29}},"39":{"start":{"line":69,"column":23},"end":{"line":69,"column":52}},"40":{"start":{"line":71,"column":21},"end":{"line":111,"column":6}},"41":{"start":{"line":72,"column":20},"end":{"line":85,"column":8}},"42":{"start":{"line":87,"column":6},"end":{"line":92,"column":7}},"43":{"start":{"line":88,"column":8},"end":{"line":91,"column":11}},"44":{"start":{"line":94,"column":6},"end":{"line":106,"column":7}},"45":{"start":{"line":95,"column":8},"end":{"line":101,"column":11}},"46":{"start":{"line":102,"column":8},"end":{"line":105,"column":11}},"47":{"start":{"line":110,"column":6},"end":{"line":110,"column":19}},"48":{"start":{"line":113,"column":4},"end":{"line":113,"column":35}},"49":{"start":{"line":115,"column":4},"end":{"line":115,"column":47}},"50":{"start":{"line":116,"column":4},"end":{"line":116,"column":14}},"51":{"start":{"line":121,"column":0},"end":{"line":132,"column":3}},"52":{"start":{"line":122,"column":2},"end":{"line":131,"column":3}},"53":{"start":{"line":123,"column":19},"end":{"line":127,"column":6}},"54":{"start":{"line":128,"column":4},"end":{"line":128,"column":31}},"55":{"start":{"line":130,"column":4},"end":{"line":130,"column":16}},"56":{"start":{"line":135,"column":0},"end":{"line":149,"column":3}},"57":{"start":{"line":136,"column":2},"end":{"line":148,"column":3}},"58":{"start":{"line":137,"column":18},"end":{"line":140,"column":6}},"59":{"start":{"line":141,"column":4},"end":{"line":141,"column":59}},"60":{"start":{"line":141,"column":16},"end":{"line":141,"column":59}},"61":{"start":{"line":142,"column":4},"end":{"line":144,"column":5}},"62":{"start":{"line":143,"column":6},"end":{"line":143,"column":67}},"63":{"start":{"line":145,"column":4},"end":{"line":145,"column":20}},"64":{"start":{"line":147,"column":4},"end":{"line":147,"column":16}}},"fnMap":{"0":{"name":"(anonymous_0)","decl":{"start":{"line":21,"column":17},"end":{"line":21,"column":18}},"loc":{"start":{"line":21,"column":76},"end":{"line":118,"column":1}},"line":21},"1":{"name":"(anonymous_1)","decl":{"start":{"line":25,"column":74},"end":{"line":25,"column":75}},"loc":{"start":{"line":25,"column":79},"end":{"line":25,"column":88}},"line":25},"2":{"name":"(anonymous_2)","decl":{"start":{"line":71,"column":47},"end":{"line":71,"column":48}},"loc":{"start":{"line":71,"column":61},"end":{"line":111,"column":5}},"line":71},"3":{"name":"(anonymous_3)","decl":{"start":{"line":121,"column":16},"end":{"line":121,"column":17}},"loc":{"start":{"line":121,"column":75},"end":{"line":132,"column":1}},"line":121},"4":{"name":"(anonymous_4)","decl":{"start":{"line":135,"column":19},"end":{"line":135,"column":20}},"loc":{"start":{"line":135,"column":78},"end":{"line":149,"column":1}},"line":135}},"branchMap":{"0":{"loc":{"start":{"line":24,"column":4},"end":{"line":26,"column":5}},"type":"if","locations":[{"start":{"line":24,"column":4},"end":{"line":26,"column":5}},{"start":{},"end":{}}],"line":24},"1":{"loc":{"start":{"line":35,"column":6},"end":{"line":35,"column":84}},"type":"if","locations":[{"start":{"line":35,"column":6},"end":{"line":35,"column":84}},{"start":{},"end":{}}],"line":35},"2":{"loc":{"start":{"line":36,"column":6},"end":{"line":36,"column":107}},"type":"if","locations":[{"start":{"line":36,"column":6},"end":{"line":36,"column":107}},{"start":{},"end":{}}],"line":36},"3":{"loc":{"start":{"line":49,"column":4},"end":{"line":67,"column":5}},"type":"if","locations":[{"start":{"line":49,"column":4},"end":{"line":67,"column":5}},{"start":{},"end":{}}],"line":49},"4":{"loc":{"start":{"line":51,"column":6},"end":{"line":51,"column":66}},"type":"if","locations":[{"start":{"line":51,"column":6},"end":{"line":51,"column":66}},{"start":{},"end":{}}],"line":51},"5":{"loc":{"start":{"line":52,"column":6},"end":{"line":52,"column":119}},"type":"if","locations":[{"start":{"line":52,"column":6},"end":{"line":52,"column":119}},{"start":{},"end":{}}],"line":52},"6":{"loc":{"start":{"line":52,"column":10},"end":{"line":52,"column":60}},"type":"binary-expr","locations":[{"start":{"line":52,"column":10},"end":{"line":52,"column":26}},{"start":{"line":52,"column":30},"end":{"line":52,"column":60}}],"line":52},"7":{"loc":{"start":{"line":53,"column":6},"end":{"line":53,"column":131}},"type":"if","locations":[{"start":{"line":53,"column":6},"end":{"line":53,"column":131}},{"start":{},"end":{}}],"line":53},"8":{"loc":{"start":{"line":54,"column":6},"end":{"line":54,"column":112}},"type":"if","locations":[{"start":{"line":54,"column":6},"end":{"line":54,"column":112}},{"start":{},"end":{}}],"line":54},"9":{"loc":{"start":{"line":54,"column":10},"end":{"line":54,"column":62}},"type":"binary-expr","locations":[{"start":{"line":54,"column":10},"end":{"line":54,"column":24}},{"start":{"line":54,"column":28},"end":{"line":54,"column":62}}],"line":54},"10":{"loc":{"start":{"line":59,"column":6},"end":{"line":59,"column":80}},"type":"if","locations":[{"start":{"line":59,"column":6},"end":{"line":59,"column":80}},{"start":{},"end":{}}],"line":59},"11":{"loc":{"start":{"line":61,"column":6},"end":{"line":65,"column":7}},"type":"if","locations":[{"start":{"line":61,"column":6},"end":{"line":65,"column":7}},{"start":{"line":63,"column":13},"end":{"line":65,"column":7}}],"line":61},"12":{"loc":{"start":{"line":94,"column":6},"end":{"line":106,"column":7}},"type":"if","locations":[{"start":{"line":94,"column":6},"end":{"line":106,"column":7}},{"start":{},"end":{}}],"line":94},"13":{"loc":{"start":{"line":141,"column":4},"end":{"line":141,"column":59}},"type":"if","locations":[{"start":{"line":141,"column":4},"end":{"line":141,"column":59}},{"start":{},"end":{}}],"line":141},"14":{"loc":{"start":{"line":142,"column":4},"end":{"line":144,"column":5}},"type":"if","locations":[{"start":{"line":142,"column":4},"end":{"line":144,"column":5}},{"start":{},"end":{}}],"line":142},"15":{"loc":{"start":{"line":142,"column":8},"end":{"line":142,"column":67}},"type":"binary-expr","locations":[{"start":{"line":142,"column":8},"end":{"line":142,"column":37}},{"start":{"line":142,"column":41},"end":{"line":142,"column":67}}],"line":142}},"s":{"0":1,"1":1,"2":1,"3":1,"4":1,"5":1,"6":1,"7":0,"8":0,"9":1,"10":1,"11":1,"12":1,"13":1,"14":1,"15":0,"16":1,"17":0,"18":1,"19":1,"20":1,"21":1,"22":1,"23":0,"24":0,"25":0,"26":0,"27":0,"28":0,"29":0,"30":0,"31":0,"32":0,"33":0,"34":0,"35":0,"36":0,"37":0,"38":0,"39":1,"40":1,"41":1,"42":1,"43":1,"44":1,"45":0,"46":0,"47":1,"48":1,"49":0,"50":0,"51":1,"52":1,"53":1,"54":1,"55":0,"56":1,"57":2,"58":2,"59":2,"60":1,"61":1,"62":0,"63":1,"64":1},"f":{"0":1,"1":0,"2":1,"3":1,"4":2},"b":{"0":[0,1],"1":[0,1],"2":[0,1],"3":[0,1],"4":[0,0],"5":[0,0],"6":[0,0],"7":[0,0],"8":[0,0],"9":[0,0],"10":[0,0],"11":[0,0],"12":[0,1],"13":[1,1],"14":[0,1],"15":[1,0]},"_coverageSchema":"1a1c01bbd47fc00a2c39e90264f33305004495a9","hash":"76c57f77be3f087ac7c311f30cc5ec2a0b1b7c55"}
,"C:\\Users\\YASHVANT\\Desktop\\capstone\\backend\\src\\routes\\payments.routes.ts": {"path":"C:\\Users\\YASHVANT\\Desktop\\capstone\\backend\\src\\routes\\payments.routes.ts","statementMap":{"0":{"start":{"line":9,"column":15},"end":{"line":9,"column":31}},"1":{"start":{"line":11,"column":17},"end":{"line":14,"column":2}},"2":{"start":{"line":17,"column":0},"end":{"line":56,"column":3}},"3":{"start":{"line":18,"column":2},"end":{"line":55,"column":3}},"4":{"start":{"line":19,"column":24},"end":{"line":19,"column":32}},"5":{"start":{"line":20,"column":18},"end":{"line":20,"column":75}},"6":{"start":{"line":22,"column":4},"end":{"line":24,"column":5}},"7":{"start":{"line":23,"column":6},"end":{"line":23,"column":49}},"8":{"start":{"line":26,"column":4},"end":{"line":28,"column":5}},"9":{"start":{"line":27,"column":6},"end":{"line":27,"column":55}},"10":{"start":{"line":30,"column":20},"end":{"line":38,"column":5}},"11":{"start":{"line":40,"column":21},"end":{"line":40,"column":58}},"12":{"start":{"line":42,"column":4},"end":{"line":45,"column":7}},"13":{"start":{"line":47,"column":4},"end":{"line":51,"column":7}},"14":{"start":{"line":53,"column":4},"end":{"line":53,"column":54}},"15":{"start":{"line":54,"column":4},"end":{"line":54,"column":62}},"16":{"start":{"line":59,"column":0},"end":{"line":98,"column":3}},"17":{"start":{"line":60,"column":2},"end":{"line":97,"column":3}},"18":{"start":{"line":61,"column":84},"end":{"line":61,"column":92}},"19":{"start":{"line":63,"column":17},"end":{"line":63,"column":62}},"20":{"start":{"line":64,"column":30},"end":{"line":67,"column":20}},"21":{"start":{"line":69,"column":4},"end":{"line":93,"column":5}},"22":{"start":{"line":70,"column":27},"end":{"line":88,"column":8}},"23":{"start":{"line":71,"column":22},"end":{"line":80,"column":10}},"24":{"start":{"line":83,"column":8},"end":{"line":85,"column":11}},"25":{"start":{"line":87,"column":8},"end":{"line":87,"column":21}},"26":{"start":{"line":90,"column":6},"end":{"line":90,"column":97}},"27":{"start":{"line":92,"column":6},"end":{"line":92,"column":51}},"28":{"start":{"line":95,"column":4},"end":{"line":95,"column":48}},"29":{"start":{"line":96,"column":4},"end":{"line":96,"column":14}},"30":{"start":{"line":101,"column":0},"end":{"line":142,"column":3}},"31":{"start":{"line":102,"column":17},"end":{"line":102,"column":75}},"32":{"start":{"line":103,"column":20},"end":{"line":103,"column":65}},"33":{"start":{"line":105,"column":2},"end":{"line":141,"column":3}},"34":{"start":{"line":107,"column":20},"end":{"line":107,"column":96}},"35":{"start":{"line":109,"column":4},"end":{"line":137,"column":5}},"36":{"start":{"line":110,"column":20},"end":{"line":110,"column":34}},"37":{"start":{"line":111,"column":22},"end":{"line":111,"column":38}},"38":{"start":{"line":113,"column":6},"end":{"line":131,"column":7}},"39":{"start":{"line":114,"column":27},"end":{"line":114,"column":58}},"40":{"start":{"line":116,"column":22},"end":{"line":118,"column":10}},"41":{"start":{"line":120,"column":8},"end":{"line":130,"column":9}},"42":{"start":{"line":121,"column":10},"end":{"line":128,"column":13}},"43":{"start":{"line":129,"column":10},"end":{"line":129,"column":70}},"44":{"start":{"line":133,"column":6},"end":{"line":133,"column":45}},"45":{"start":{"line":135,"column":6},"end":{"line":135,"column":58}},"46":{"start":{"line":136,"column":6},"end":{"line":136,"column":59}},"47":{"start":{"line":139,"column":4},"end":{"line":139,"column":50}},"48":{"start":{"line":140,"column":4},"end":{"line":140,"column":65}}},"fnMap":{"0":{"name":"(anonymous_0)","decl":{"start":{"line":17,"column":42},"end":{"line":17,"column":43}},"loc":{"start":{"line":17,"column":101},"end":{"line":56,"column":1}},"line":17},"1":{"name":"(anonymous_1)","decl":{"start":{"line":59,"column":36},"end":{"line":59,"column":37}},"loc":{"start":{"line":59,"column":95},"end":{"line":98,"column":1}},"line":59},"2":{"name":"(anonymous_2)","decl":{"start":{"line":70,"column":53},"end":{"line":70,"column":54}},"loc":{"start":{"line":70,"column":67},"end":{"line":88,"column":7}},"line":70},"3":{"name":"(anonymous_3)","decl":{"start":{"line":101,"column":24},"end":{"line":101,"column":25}},"loc":{"start":{"line":101,"column":59},"end":{"line":142,"column":1}},"line":101}},"branchMap":{"0":{"loc":{"start":{"line":12,"column":10},"end":{"line":12,"column":63}},"type":"binary-expr","locations":[{"start":{"line":12,"column":10},"end":{"line":12,"column":37}},{"start":{"line":12,"column":41},"end":{"line":12,"column":63}}],"line":12},"1":{"loc":{"start":{"line":13,"column":14},"end":{"line":13,"column":69}},"type":"binary-expr","locations":[{"start":{"line":13,"column":14},"end":{"line":13,"column":45}},{"start":{"line":13,"column":49},"end":{"line":13,"column":69}}],"line":13},"2":{"loc":{"start":{"line":22,"column":4},"end":{"line":24,"column":5}},"type":"if","locations":[{"start":{"line":22,"column":4},"end":{"line":24,"column":5}},{"start":{},"end":{}}],"line":22},"3":{"loc":{"start":{"line":22,"column":8},"end":{"line":22,"column":47}},"type":"binary-expr","locations":[{"start":{"line":22,"column":8},"end":{"line":22,"column":14}},{"start":{"line":22,"column":18},"end":{"line":22,"column":47}}],"line":22},"4":{"loc":{"start":{"line":26,"column":4},"end":{"line":28,"column":5}},"type":"if","locations":[{"start":{"line":26,"column":4},"end":{"line":28,"column":5}},{"start":{},"end":{}}],"line":26},"5":{"loc":{"start":{"line":65,"column":28},"end":{"line":65,"column":83}},"type":"binary-expr","locations":[{"start":{"line":65,"column":28},"end":{"line":65,"column":59}},{"start":{"line":65,"column":63},"end":{"line":65,"column":83}}],"line":65},"6":{"loc":{"start":{"line":69,"column":4},"end":{"line":93,"column":5}},"type":"if","locations":[{"start":{"line":69,"column":4},"end":{"line":93,"column":5}},{"start":{"line":91,"column":11},"end":{"line":93,"column":5}}],"line":69},"7":{"loc":{"start":{"line":102,"column":17},"end":{"line":102,"column":75}},"type":"binary-expr","locations":[{"start":{"line":102,"column":17},"end":{"line":102,"column":52}},{"start":{"line":102,"column":56},"end":{"line":102,"column":75}}],"line":102},"8":{"loc":{"start":{"line":109,"column":4},"end":{"line":137,"column":5}},"type":"if","locations":[{"start":{"line":109,"column":4},"end":{"line":137,"column":5}},{"start":{"line":134,"column":11},"end":{"line":137,"column":5}}],"line":109},"9":{"loc":{"start":{"line":113,"column":6},"end":{"line":131,"column":7}},"type":"if","locations":[{"start":{"line":113,"column":6},"end":{"line":131,"column":7}},{"start":{},"end":{}}],"line":113},"10":{"loc":{"start":{"line":113,"column":10},"end":{"line":113,"column":64}},"type":"binary-expr","locations":[{"start":{"line":113,"column":10},"end":{"line":113,"column":38}},{"start":{"line":113,"column":42},"end":{"line":113,"column":64}}],"line":113},"11":{"loc":{"start":{"line":120,"column":8},"end":{"line":130,"column":9}},"type":"if","locations":[{"start":{"line":120,"column":8},"end":{"line":130,"column":9}},{"start":{},"end":{}}],"line":120},"12":{"loc":{"start":{"line":120,"column":12},"end":{"line":120,"column":51}},"type":"binary-expr","locations":[{"start":{"line":120,"column":12},"end":{"line":120,"column":17}},{"start":{"line":120,"column":21},"end":{"line":120,"column":51}}],"line":120}},"s":{"0":1,"1":1,"2":1,"3":1,"4":1,"5":1,"6":1,"7":0,"8":1,"9":0,"10":1,"11":1,"12":0,"13":0,"14":1,"15":1,"16":1,"17":2,"18":2,"19":2,"20":2,"21":2,"22":1,"23":1,"24":1,"25":1,"26":1,"27":1,"28":1,"29":1,"30":1,"31":1,"32":1,"33":1,"34":1,"35":0,"36":0,"37":0,"38":0,"39":0,"40":0,"41":0,"42":0,"43":0,"44":0,"45":0,"46":0,"47":1,"48":1},"f":{"0":1,"1":2,"2":1,"3":1},"b":{"0":[1,0],"1":[1,0],"2":[0,1],"3":[1,1],"4":[0,1],"5":[2,0],"6":[1,1],"7":[1,0],"8":[0,0],"9":[0,0],"10":[0,0],"11":[0,0],"12":[0,0]},"_coverageSchema":"1a1c01bbd47fc00a2c39e90264f33305004495a9","hash":"76eb45d9ae0fa6697dc35fe59f4332ea3355e28c"}
,"C:\\Users\\YASHVANT\\Desktop\\capstone\\backend\\src\\routes\\products.routes.ts": {"path":"C:\\Users\\YASHVANT\\Desktop\\capstone\\backend\\src\\routes\\products.routes.ts","statementMap":{"0":{"start":{"line":7,"column":15},"end":{"line":7,"column":31}},"1":{"start":{"line":10,"column":0},"end":{"line":86,"column":3}},"2":{"start":{"line":11,"column":2},"end":{"line":85,"column":3}},"3":{"start":{"line":21,"column":8},"end":{"line":21,"column":17}},"4":{"start":{"line":23,"column":23},"end":{"line":23,"column":35}},"5":{"start":{"line":24,"column":24},"end":{"line":24,"column":37}},"6":{"start":{"line":25,"column":17},"end":{"line":25,"column":47}},"7":{"start":{"line":27,"column":27},"end":{"line":27,"column":29}},"8":{"start":{"line":29,"column":4},"end":{"line":31,"column":5}},"9":{"start":{"line":30,"column":6},"end":{"line":30,"column":75}},"10":{"start":{"line":33,"column":4},"end":{"line":35,"column":5}},"11":{"start":{"line":34,"column":6},"end":{"line":34,"column":48}},"12":{"start":{"line":37,"column":4},"end":{"line":41,"column":5}},"13":{"start":{"line":38,"column":6},"end":{"line":38,"column":29}},"14":{"start":{"line":39,"column":6},"end":{"line":39,"column":61}},"15":{"start":{"line":39,"column":20},"end":{"line":39,"column":61}},"16":{"start":{"line":40,"column":6},"end":{"line":40,"column":61}},"17":{"start":{"line":40,"column":20},"end":{"line":40,"column":61}},"18":{"start":{"line":47,"column":29},"end":{"line":47,"column":50}},"19":{"start":{"line":48,"column":4},"end":{"line":48,"column":63}},"20":{"start":{"line":48,"column":30},"end":{"line":48,"column":63}},"21":{"start":{"line":49,"column":4},"end":{"line":49,"column":65}},"22":{"start":{"line":49,"column":31},"end":{"line":49,"column":65}},"23":{"start":{"line":51,"column":21},"end":{"line":59,"column":6}},"24":{"start":{"line":62,"column":28},"end":{"line":67,"column":6}},"25":{"start":{"line":63,"column":24},"end":{"line":65,"column":11}},"26":{"start":{"line":64,"column":39},"end":{"line":64,"column":53}},"27":{"start":{"line":66,"column":6},"end":{"line":66,"column":65}},"28":{"start":{"line":69,"column":4},"end":{"line":72,"column":5}},"29":{"start":{"line":70,"column":19},"end":{"line":70,"column":36}},"30":{"start":{"line":71,"column":6},"end":{"line":71,"column":77}},"31":{"start":{"line":71,"column":56},"end":{"line":71,"column":75}},"32":{"start":{"line":74,"column":18},"end":{"line":74,"column":42}},"33":{"start":{"line":75,"column":30},"end":{"line":75,"column":79}},"34":{"start":{"line":77,"column":4},"end":{"line":82,"column":7}},"35":{"start":{"line":84,"column":4},"end":{"line":84,"column":16}},"36":{"start":{"line":89,"column":0},"end":{"line":98,"column":3}},"37":{"start":{"line":90,"column":2},"end":{"line":97,"column":3}},"38":{"start":{"line":91,"column":23},"end":{"line":93,"column":6}},"39":{"start":{"line":94,"column":4},"end":{"line":94,"column":25}},"40":{"start":{"line":96,"column":4},"end":{"line":96,"column":16}},"41":{"start":{"line":101,"column":0},"end":{"line":118,"column":3}},"42":{"start":{"line":102,"column":2},"end":{"line":117,"column":3}},"43":{"start":{"line":103,"column":20},"end":{"line":106,"column":6}},"44":{"start":{"line":108,"column":4},"end":{"line":108,"column":63}},"45":{"start":{"line":108,"column":18},"end":{"line":108,"column":63}},"46":{"start":{"line":110,"column":22},"end":{"line":112,"column":9}},"47":{"start":{"line":111,"column":43},"end":{"line":111,"column":57}},"48":{"start":{"line":114,"column":4},"end":{"line":114,"column":78}},"49":{"start":{"line":116,"column":4},"end":{"line":116,"column":16}},"50":{"start":{"line":121,"column":0},"end":{"line":121,"column":38}},"51":{"start":{"line":123,"column":22},"end":{"line":130,"column":2}},"52":{"start":{"line":132,"column":0},"end":{"line":143,"column":3}},"53":{"start":{"line":133,"column":2},"end":{"line":142,"column":3}},"54":{"start":{"line":134,"column":19},"end":{"line":134,"column":52}},"55":{"start":{"line":135,"column":4},"end":{"line":137,"column":5}},"56":{"start":{"line":136,"column":6},"end":{"line":136,"column":47}},"57":{"start":{"line":138,"column":20},"end":{"line":138,"column":70}},"58":{"start":{"line":139,"column":4},"end":{"line":139,"column":34}},"59":{"start":{"line":141,"column":4},"end":{"line":141,"column":16}},"60":{"start":{"line":145,"column":0},"end":{"line":155,"column":3}},"61":{"start":{"line":146,"column":2},"end":{"line":154,"column":3}},"62":{"start":{"line":147,"column":20},"end":{"line":150,"column":6}},"63":{"start":{"line":151,"column":4},"end":{"line":151,"column":22}},"64":{"start":{"line":153,"column":4},"end":{"line":153,"column":16}},"65":{"start":{"line":157,"column":0},"end":{"line":164,"column":3}},"66":{"start":{"line":158,"column":2},"end":{"line":163,"column":3}},"67":{"start":{"line":159,"column":4},"end":{"line":159,"column":74}},"68":{"start":{"line":160,"column":4},"end":{"line":160,"column":45}},"69":{"start":{"line":162,"column":4},"end":{"line":162,"column":16}},"70":{"start":{"line":167,"column":0},"end":{"line":174,"column":3}},"71":{"start":{"line":168,"column":2},"end":{"line":173,"column":3}},"72":{"start":{"line":169,"column":21},"end":{"line":169,"column":69}},"73":{"start":{"line":170,"column":4},"end":{"line":170,"column":35}},"74":{"start":{"line":172,"column":4},"end":{"line":172,"column":16}}},"fnMap":{"0":{"name":"(anonymous_0)","decl":{"start":{"line":10,"column":16},"end":{"line":10,"column":17}},"loc":{"start":{"line":10,"column":75},"end":{"line":86,"column":1}},"line":10},"1":{"name":"(anonymous_1)","decl":{"start":{"line":62,"column":41},"end":{"line":62,"column":42}},"loc":{"start":{"line":62,"column":48},"end":{"line":67,"column":5}},"line":62},"2":{"name":"(anonymous_2)","decl":{"start":{"line":64,"column":27},"end":{"line":64,"column":28}},"loc":{"start":{"line":64,"column":39},"end":{"line":64,"column":53}},"line":64},"3":{"name":"(anonymous_3)","decl":{"start":{"line":71,"column":51},"end":{"line":71,"column":52}},"loc":{"start":{"line":71,"column":56},"end":{"line":71,"column":75}},"line":71},"4":{"name":"(anonymous_4)","decl":{"start":{"line":89,"column":26},"end":{"line":89,"column":27}},"loc":{"start":{"line":89,"column":85},"end":{"line":98,"column":1}},"line":89},"5":{"name":"(anonymous_5)","decl":{"start":{"line":101,"column":19},"end":{"line":101,"column":20}},"loc":{"start":{"line":101,"column":78},"end":{"line":118,"column":1}},"line":101},"6":{"name":"(anonymous_6)","decl":{"start":{"line":111,"column":31},"end":{"line":111,"column":32}},"loc":{"start":{"line":111,"column":43},"end":{"line":111,"column":57}},"line":111},"7":{"name":"(anonymous_7)","decl":{"start":{"line":132,"column":17},"end":{"line":132,"column":18}},"loc":{"start":{"line":132,"column":76},"end":{"line":143,"column":1}},"line":132},"8":{"name":"(anonymous_8)","decl":{"start":{"line":145,"column":19},"end":{"line":145,"column":20}},"loc":{"start":{"line":145,"column":78},"end":{"line":155,"column":1}},"line":145},"9":{"name":"(anonymous_9)","decl":{"start":{"line":157,"column":22},"end":{"line":157,"column":23}},"loc":{"start":{"line":157,"column":81},"end":{"line":164,"column":1}},"line":157},"10":{"name":"(anonymous_10)","decl":{"start":{"line":167,"column":27},"end":{"line":167,"column":28}},"loc":{"start":{"line":167,"column":86},"end":{"line":174,"column":1}},"line":167}},"branchMap":{"0":{"loc":{"start":{"line":13,"column":6},"end":{"line":13,"column":14}},"type":"default-arg","locations":[{"start":{"line":13,"column":13},"end":{"line":13,"column":14}}],"line":13},"1":{"loc":{"start":{"line":14,"column":6},"end":{"line":14,"column":16}},"type":"default-arg","locations":[{"start":{"line":14,"column":14},"end":{"line":14,"column":16}}],"line":14},"2":{"loc":{"start":{"line":29,"column":4},"end":{"line":31,"column":5}},"type":"if","locations":[{"start":{"line":29,"column":4},"end":{"line":31,"column":5}},{"start":{},"end":{}}],"line":29},"3":{"loc":{"start":{"line":33,"column":4},"end":{"line":35,"column":5}},"type":"if","locations":[{"start":{"line":33,"column":4},"end":{"line":35,"column":5}},{"start":{},"end":{}}],"line":33},"4":{"loc":{"start":{"line":33,"column":8},"end":{"line":33,"column":38}},"type":"binary-expr","locations":[{"start":{"line":33,"column":8},"end":{"line":33,"column":16}},{"start":{"line":33,"column":20},"end":{"line":33,"column":38}}],"line":33},"5":{"loc":{"start":{"line":37,"column":4},"end":{"line":41,"column":5}},"type":"if","locations":[{"start":{"line":37,"column":4},"end":{"line":41,"column":5}},{"start":{},"end":{}}],"line":37},"6":{"loc":{"start":{"line":37,"column":8},"end":{"line":37,"column":28}},"type":"binary-expr","locations":[{"start":{"line":37,"column":8},"end":{"line":37,"column":16}},{"start":{"line":37,"column":20},"end":{"line":37,"column":28}}],"line":37},"7":{"loc":{"start":{"line":39,"column":6},"end":{"line":39,"column":61}},"type":"if","locations":[{"start":{"line":39,"column":6},"end":{"line":39,"column":61}},{"start":{},"end":{}}],"line":39},"8":{"loc":{"start":{"line":40,"column":6},"end":{"line":40,"column":61}},"type":"if","locations":[{"start":{"line":40,"column":6},"end":{"line":40,"column":61}},{"start":{},"end":{}}],"line":40},"9":{"loc":{"start":{"line":48,"column":4},"end":{"line":48,"column":63}},"type":"if","locations":[{"start":{"line":48,"column":4},"end":{"line":48,"column":63}},{"start":{},"end":{}}],"line":48},"10":{"loc":{"start":{"line":49,"column":4},"end":{"line":49,"column":65}},"type":"if","locations":[{"start":{"line":49,"column":4},"end":{"line":49,"column":65}},{"start":{},"end":{}}],"line":49},"11":{"loc":{"start":{"line":63,"column":24},"end":{"line":65,"column":11}},"type":"cond-expr","locations":[{"start":{"line":64,"column":10},"end":{"line":64,"column":76}},{"start":{"line":65,"column":10},"end":{"line":65,"column":11}}],"line":63},"12":{"loc":{"start":{"line":69,"column":4},"end":{"line":72,"column":5}},"type":"if","locations":[{"start":{"line":69,"column":4},"end":{"line":72,"column":5}},{"start":{},"end":{}}],"line":69},"13":{"loc":{"start":{"line":108,"column":4},"end":{"line":108,"column":63}},"type":"if","locations":[{"start":{"line":108,"column":4},"end":{"line":108,"column":63}},{"start":{},"end":{}}],"line":108},"14":{"loc":{"start":{"line":110,"column":22},"end":{"line":112,"column":9}},"type":"cond-expr","locations":[{"start":{"line":111,"column":8},"end":{"line":111,"column":86}},{"start":{"line":112,"column":8},"end":{"line":112,"column":9}}],"line":110},"15":{"loc":{"start":{"line":135,"column":4},"end":{"line":137,"column":5}},"type":"if","locations":[{"start":{"line":135,"column":4},"end":{"line":137,"column":5}},{"start":{},"end":{}}],"line":135}},"s":{"0":1,"1":1,"2":2,"3":2,"4":2,"5":2,"6":2,"7":2,"8":2,"9":1,"10":2,"11":1,"12":2,"13":1,"14":1,"15":1,"16":1,"17":1,"18":2,"19":2,"20":1,"21":2,"22":1,"23":2,"24":2,"25":2,"26":2,"27":2,"28":2,"29":1,"30":1,"31":2,"32":2,"33":2,"34":2,"35":0,"36":1,"37":1,"38":1,"39":1,"40":0,"41":1,"42":2,"43":2,"44":2,"45":1,"46":1,"47":2,"48":1,"49":1,"50":1,"51":1,"52":1,"53":2,"54":2,"55":2,"56":1,"57":1,"58":1,"59":1,"60":1,"61":1,"62":1,"63":1,"64":0,"65":1,"66":1,"67":1,"68":1,"69":0,"70":1,"71":1,"72":1,"73":1,"74":0},"f":{"0":2,"1":2,"2":2,"3":2,"4":1,"5":2,"6":2,"7":2,"8":1,"9":1,"10":1},"b":{"0":[2],"1":[2],"2":[1,1],"3":[1,1],"4":[2,1],"5":[1,1],"6":[2,1],"7":[1,0],"8":[1,0],"9":[1,1],"10":[1,1],"11":[1,1],"12":[1,1],"13":[1,1],"14":[1,0],"15":[1,1]},"_coverageSchema":"1a1c01bbd47fc00a2c39e90264f33305004495a9","hash":"9cde9a94a466897af318a3c9e3e3dc0e13647d94"}
,"C:\\Users\\YASHVANT\\Desktop\\capstone\\backend\\src\\routes\\profile.routes.ts": {"path":"C:\\Users\\YASHVANT\\Desktop\\capstone\\backend\\src\\routes\\profile.routes.ts","statementMap":{"0":{"start":{"line":6,"column":15},"end":{"line":6,"column":31}},"1":{"start":{"line":7,"column":0},"end":{"line":7,"column":24}},"2":{"start":{"line":10,"column":0},"end":{"line":20,"column":3}},"3":{"start":{"line":11,"column":2},"end":{"line":19,"column":3}},"4":{"start":{"line":12,"column":17},"end":{"line":15,"column":6}},"5":{"start":{"line":16,"column":4},"end":{"line":16,"column":19}},"6":{"start":{"line":18,"column":4},"end":{"line":18,"column":16}},"7":{"start":{"line":23,"column":0},"end":{"line":45,"column":3}},"8":{"start":{"line":24,"column":2},"end":{"line":44,"column":3}},"9":{"start":{"line":25,"column":66},"end":{"line":25,"column":74}},"10":{"start":{"line":27,"column":4},"end":{"line":32,"column":5}},"11":{"start":{"line":28,"column":6},"end":{"line":31,"column":9}},"12":{"start":{"line":34,"column":23},"end":{"line":39,"column":6}},"13":{"start":{"line":41,"column":4},"end":{"line":41,"column":37}},"14":{"start":{"line":43,"column":4},"end":{"line":43,"column":16}},"15":{"start":{"line":48,"column":0},"end":{"line":60,"column":3}},"16":{"start":{"line":49,"column":2},"end":{"line":59,"column":3}},"17":{"start":{"line":50,"column":17},"end":{"line":50,"column":94}},"18":{"start":{"line":51,"column":4},"end":{"line":53,"column":5}},"19":{"start":{"line":52,"column":6},"end":{"line":52,"column":51}},"20":{"start":{"line":55,"column":4},"end":{"line":55,"column":78}},"21":{"start":{"line":56,"column":4},"end":{"line":56,"column":45}},"22":{"start":{"line":58,"column":4},"end":{"line":58,"column":16}}},"fnMap":{"0":{"name":"(anonymous_0)","decl":{"start":{"line":10,"column":16},"end":{"line":10,"column":17}},"loc":{"start":{"line":10,"column":75},"end":{"line":20,"column":1}},"line":10},"1":{"name":"(anonymous_1)","decl":{"start":{"line":23,"column":26},"end":{"line":23,"column":27}},"loc":{"start":{"line":23,"column":85},"end":{"line":45,"column":1}},"line":23},"2":{"name":"(anonymous_2)","decl":{"start":{"line":48,"column":32},"end":{"line":48,"column":33}},"loc":{"start":{"line":48,"column":91},"end":{"line":60,"column":1}},"line":48}},"branchMap":{"0":{"loc":{"start":{"line":27,"column":4},"end":{"line":32,"column":5}},"type":"if","locations":[{"start":{"line":27,"column":4},"end":{"line":32,"column":5}},{"start":{},"end":{}}],"line":27},"1":{"loc":{"start":{"line":37,"column":59},"end":{"line":37,"column":77}},"type":"binary-expr","locations":[{"start":{"line":37,"column":59},"end":{"line":37,"column":68}},{"start":{"line":37,"column":72},"end":{"line":37,"column":77}}],"line":37},"2":{"loc":{"start":{"line":51,"column":4},"end":{"line":53,"column":5}},"type":"if","locations":[{"start":{"line":51,"column":4},"end":{"line":53,"column":5}},{"start":{},"end":{}}],"line":51},"3":{"loc":{"start":{"line":51,"column":8},"end":{"line":51,"column":45}},"type":"binary-expr","locations":[{"start":{"line":51,"column":8},"end":{"line":51,"column":13}},{"start":{"line":51,"column":17},"end":{"line":51,"column":45}}],"line":51}},"s":{"0":1,"1":1,"2":1,"3":1,"4":1,"5":1,"6":0,"7":1,"8":1,"9":1,"10":1,"11":0,"12":1,"13":1,"14":0,"15":1,"16":1,"17":1,"18":1,"19":0,"20":1,"21":1,"22":0},"f":{"0":1,"1":1,"2":1},"b":{"0":[0,1],"1":[1,1],"2":[0,1],"3":[1,1]},"_coverageSchema":"1a1c01bbd47fc00a2c39e90264f33305004495a9","hash":"bdbd1a6a03b1193b5584ce8602d0cefad36dacbb"}
,"C:\\Users\\YASHVANT\\Desktop\\capstone\\backend\\src\\routes\\reviews.routes.ts": {"path":"C:\\Users\\YASHVANT\\Desktop\\capstone\\backend\\src\\routes\\reviews.routes.ts","statementMap":{"0":{"start":{"line":7,"column":15},"end":{"line":7,"column":31}},"1":{"start":{"line":9,"column":21},"end":{"line":13,"column":2}},"2":{"start":{"line":16,"column":0},"end":{"line":27,"column":3}},"3":{"start":{"line":17,"column":2},"end":{"line":26,"column":3}},"4":{"start":{"line":18,"column":20},"end":{"line":22,"column":6}},"5":{"start":{"line":23,"column":4},"end":{"line":23,"column":32}},"6":{"start":{"line":25,"column":4},"end":{"line":25,"column":16}},"7":{"start":{"line":30,"column":0},"end":{"line":62,"column":3}},"8":{"start":{"line":31,"column":2},"end":{"line":61,"column":3}},"9":{"start":{"line":32,"column":19},"end":{"line":32,"column":51}},"10":{"start":{"line":33,"column":4},"end":{"line":35,"column":5}},"11":{"start":{"line":34,"column":6},"end":{"line":34,"column":47}},"12":{"start":{"line":37,"column":43},"end":{"line":37,"column":54}},"13":{"start":{"line":40,"column":21},"end":{"line":42,"column":6}},"14":{"start":{"line":44,"column":4},"end":{"line":46,"column":5}},"15":{"start":{"line":45,"column":6},"end":{"line":45,"column":72}},"16":{"start":{"line":48,"column":19},"end":{"line":56,"column":6}},"17":{"start":{"line":58,"column":4},"end":{"line":58,"column":33}},"18":{"start":{"line":60,"column":4},"end":{"line":60,"column":16}},"19":{"start":{"line":65,"column":0},"end":{"line":79,"column":3}},"20":{"start":{"line":66,"column":2},"end":{"line":78,"column":3}},"21":{"start":{"line":67,"column":19},"end":{"line":67,"column":91}},"22":{"start":{"line":68,"column":4},"end":{"line":68,"column":61}},"23":{"start":{"line":68,"column":17},"end":{"line":68,"column":61}},"24":{"start":{"line":70,"column":4},"end":{"line":72,"column":5}},"25":{"start":{"line":71,"column":6},"end":{"line":71,"column":48}},"26":{"start":{"line":74,"column":4},"end":{"line":74,"column":73}},"27":{"start":{"line":75,"column":4},"end":{"line":75,"column":57}},"28":{"start":{"line":77,"column":4},"end":{"line":77,"column":16}}},"fnMap":{"0":{"name":"(anonymous_0)","decl":{"start":{"line":16,"column":34},"end":{"line":16,"column":35}},"loc":{"start":{"line":16,"column":93},"end":{"line":27,"column":1}},"line":16},"1":{"name":"(anonymous_1)","decl":{"start":{"line":30,"column":30},"end":{"line":30,"column":31}},"loc":{"start":{"line":30,"column":89},"end":{"line":62,"column":1}},"line":30},"2":{"name":"(anonymous_2)","decl":{"start":{"line":65,"column":35},"end":{"line":65,"column":36}},"loc":{"start":{"line":65,"column":94},"end":{"line":79,"column":1}},"line":65}},"branchMap":{"0":{"loc":{"start":{"line":33,"column":4},"end":{"line":35,"column":5}},"type":"if","locations":[{"start":{"line":33,"column":4},"end":{"line":35,"column":5}},{"start":{},"end":{}}],"line":33},"1":{"loc":{"start":{"line":44,"column":4},"end":{"line":46,"column":5}},"type":"if","locations":[{"start":{"line":44,"column":4},"end":{"line":46,"column":5}},{"start":{},"end":{}}],"line":44},"2":{"loc":{"start":{"line":68,"column":4},"end":{"line":68,"column":61}},"type":"if","locations":[{"start":{"line":68,"column":4},"end":{"line":68,"column":61}},{"start":{},"end":{}}],"line":68},"3":{"loc":{"start":{"line":70,"column":4},"end":{"line":72,"column":5}},"type":"if","locations":[{"start":{"line":70,"column":4},"end":{"line":72,"column":5}},{"start":{},"end":{}}],"line":70},"4":{"loc":{"start":{"line":70,"column":8},"end":{"line":70,"column":68}},"type":"binary-expr","locations":[{"start":{"line":70,"column":8},"end":{"line":70,"column":38}},{"start":{"line":70,"column":42},"end":{"line":70,"column":68}}],"line":70}},"s":{"0":1,"1":1,"2":1,"3":1,"4":1,"5":1,"6":0,"7":1,"8":1,"9":1,"10":1,"11":0,"12":1,"13":1,"14":1,"15":0,"16":1,"17":1,"18":0,"19":1,"20":1,"21":1,"22":1,"23":0,"24":1,"25":0,"26":1,"27":1,"28":0},"f":{"0":1,"1":1,"2":1},"b":{"0":[0,1],"1":[0,1],"2":[0,1],"3":[0,1],"4":[1,0]},"_coverageSchema":"1a1c01bbd47fc00a2c39e90264f33305004495a9","hash":"3ffe8ff3887a7da355a4c3e4c0a4414b0b9d4857"}
,"C:\\Users\\YASHVANT\\Desktop\\capstone\\backend\\src\\routes\\wishlist.routes.ts": {"path":"C:\\Users\\YASHVANT\\Desktop\\capstone\\backend\\src\\routes\\wishlist.routes.ts","statementMap":{"0":{"start":{"line":7,"column":15},"end":{"line":7,"column":31}},"1":{"start":{"line":8,"column":0},"end":{"line":8,"column":24}},"2":{"start":{"line":11,"column":0},"end":{"line":29,"column":3}},"3":{"start":{"line":12,"column":2},"end":{"line":28,"column":3}},"4":{"start":{"line":13,"column":19},"end":{"line":16,"column":6}},"5":{"start":{"line":18,"column":4},"end":{"line":23,"column":5}},"6":{"start":{"line":19,"column":6},"end":{"line":22,"column":9}},"7":{"start":{"line":25,"column":4},"end":{"line":25,"column":23}},"8":{"start":{"line":27,"column":4},"end":{"line":27,"column":16}},"9":{"start":{"line":31,"column":23},"end":{"line":33,"column":2}},"10":{"start":{"line":36,"column":0},"end":{"line":70,"column":3}},"11":{"start":{"line":37,"column":2},"end":{"line":69,"column":3}},"12":{"start":{"line":38,"column":19},"end":{"line":38,"column":53}},"13":{"start":{"line":39,"column":4},"end":{"line":41,"column":5}},"14":{"start":{"line":40,"column":6},"end":{"line":40,"column":47}},"15":{"start":{"line":43,"column":26},"end":{"line":43,"column":37}},"16":{"start":{"line":45,"column":19},"end":{"line":45,"column":88}},"17":{"start":{"line":46,"column":4},"end":{"line":48,"column":5}},"18":{"start":{"line":47,"column":6},"end":{"line":47,"column":82}},"19":{"start":{"line":50,"column":21},"end":{"line":52,"column":6}},"20":{"start":{"line":54,"column":4},"end":{"line":57,"column":5}},"21":{"start":{"line":55,"column":6},"end":{"line":55,"column":25}},"22":{"start":{"line":56,"column":6},"end":{"line":56,"column":13}},"23":{"start":{"line":59,"column":17},"end":{"line":64,"column":6}},"24":{"start":{"line":66,"column":4},"end":{"line":66,"column":31}},"25":{"start":{"line":68,"column":4},"end":{"line":68,"column":16}},"26":{"start":{"line":73,"column":0},"end":{"line":86,"column":3}},"27":{"start":{"line":74,"column":2},"end":{"line":85,"column":3}},"28":{"start":{"line":75,"column":21},"end":{"line":75,"column":90}},"29":{"start":{"line":76,"column":4},"end":{"line":76,"column":65}},"30":{"start":{"line":76,"column":19},"end":{"line":76,"column":65}},"31":{"start":{"line":78,"column":4},"end":{"line":80,"column":25}},"32":{"start":{"line":80,"column":19},"end":{"line":80,"column":23}},"33":{"start":{"line":82,"column":4},"end":{"line":82,"column":56}},"34":{"start":{"line":84,"column":4},"end":{"line":84,"column":16}}},"fnMap":{"0":{"name":"(anonymous_0)","decl":{"start":{"line":11,"column":16},"end":{"line":11,"column":17}},"loc":{"start":{"line":11,"column":75},"end":{"line":29,"column":1}},"line":11},"1":{"name":"(anonymous_1)","decl":{"start":{"line":36,"column":22},"end":{"line":36,"column":23}},"loc":{"start":{"line":36,"column":81},"end":{"line":70,"column":1}},"line":36},"2":{"name":"(anonymous_2)","decl":{"start":{"line":73,"column":35},"end":{"line":73,"column":36}},"loc":{"start":{"line":73,"column":94},"end":{"line":86,"column":1}},"line":73},"3":{"name":"(anonymous_3)","decl":{"start":{"line":80,"column":13},"end":{"line":80,"column":14}},"loc":{"start":{"line":80,"column":19},"end":{"line":80,"column":23}},"line":80}},"branchMap":{"0":{"loc":{"start":{"line":18,"column":4},"end":{"line":23,"column":5}},"type":"if","locations":[{"start":{"line":18,"column":4},"end":{"line":23,"column":5}},{"start":{},"end":{}}],"line":18},"1":{"loc":{"start":{"line":39,"column":4},"end":{"line":41,"column":5}},"type":"if","locations":[{"start":{"line":39,"column":4},"end":{"line":41,"column":5}},{"start":{},"end":{}}],"line":39},"2":{"loc":{"start":{"line":46,"column":4},"end":{"line":48,"column":5}},"type":"if","locations":[{"start":{"line":46,"column":4},"end":{"line":48,"column":5}},{"start":{},"end":{}}],"line":46},"3":{"loc":{"start":{"line":54,"column":4},"end":{"line":57,"column":5}},"type":"if","locations":[{"start":{"line":54,"column":4},"end":{"line":57,"column":5}},{"start":{},"end":{}}],"line":54},"4":{"loc":{"start":{"line":76,"column":4},"end":{"line":76,"column":65}},"type":"if","locations":[{"start":{"line":76,"column":4},"end":{"line":76,"column":65}},{"start":{},"end":{}}],"line":76}},"s":{"0":1,"1":1,"2":1,"3":1,"4":1,"5":1,"6":0,"7":1,"8":0,"9":1,"10":1,"11":1,"12":1,"13":1,"14":0,"15":1,"16":1,"17":1,"18":0,"19":1,"20":1,"21":0,"22":0,"23":1,"24":1,"25":0,"26":1,"27":1,"28":1,"29":1,"30":0,"31":1,"32":0,"33":1,"34":0},"f":{"0":1,"1":1,"2":1,"3":0},"b":{"0":[0,1],"1":[0,1],"2":[0,1],"3":[0,1],"4":[0,1]},"_coverageSchema":"1a1c01bbd47fc00a2c39e90264f33305004495a9","hash":"0b8dce5fe14b1cefd535e9aedfb516db88bb25bf"}
,"C:\\Users\\YASHVANT\\Desktop\\capstone\\backend\\src\\utils\\logger.ts": {"path":"C:\\Users\\YASHVANT\\Desktop\\capstone\\backend\\src\\utils\\logger.ts","statementMap":{"0":{"start":{"line":3,"column":15},"end":{"line":13,"column":2}},"1":{"start":{"line":15,"column":0},"end":{"line":24,"column":1}},"2":{"start":{"line":16,"column":2},"end":{"line":23,"column":4}}},"fnMap":{},"branchMap":{"0":{"loc":{"start":{"line":15,"column":0},"end":{"line":24,"column":1}},"type":"if","locations":[{"start":{"line":15,"column":0},"end":{"line":24,"column":1}},{"start":{},"end":{}}],"line":15}},"s":{"0":1,"1":1,"2":1},"f":{},"b":{"0":[1,0]},"_coverageSchema":"1a1c01bbd47fc00a2c39e90264f33305004495a9","hash":"fd046cb6476d50a624974eb95ac8741901e899b5"}
,"C:\\Users\\YASHVANT\\Desktop\\capstone\\backend\\src\\utils\\prisma.ts": {"path":"C:\\Users\\YASHVANT\\Desktop\\capstone\\backend\\src\\utils\\prisma.ts","statementMap":{"0":{"start":{"line":3,"column":15},"end":{"line":3,"column":33}}},"fnMap":{},"branchMap":{},"s":{"0":0},"f":{},"b":{}}
}
