TN:
SF:src\middlewares\auth.ts
FN:19,requireAuth
FN:40,requireAdmin
FNF:2
FNH:2
FNDA:3,requireAuth
FNDA:2,requireAdmin
DA:20,3
DA:21,3
DA:22,1
DA:25,2
DA:27,2
DA:28,2
DA:33,1
DA:34,1
DA:36,1
DA:41,2
DA:42,0
DA:45,2
DA:46,1
DA:49,1
LF:14
LH:13
BRDA:21,0,0,1
BRDA:21,0,1,2
BRDA:21,1,0,3
BRDA:21,1,1,2
BRDA:30,2,0,2
BRDA:30,2,1,2
BRDA:41,3,0,0
BRDA:41,3,1,2
BRDA:45,4,0,1
BRDA:45,4,1,1
BRF:10
BRH:9
end_of_record
TN:
SF:src\middlewares\errorHandler.ts
FN:6,(anonymous_0)
FN:13,errorHandler
FNF:2
FNH:2
FNDA:20,(anonymous_0)
FNDA:16,errorHandler
DA:7,20
DA:8,20
DA:9,20
DA:19,16
DA:21,16
DA:22,16
DA:24,16
LF:7
LH:7
BRDA:21,0,0,16
BRDA:21,0,1,0
BRDA:22,1,0,16
BRDA:22,1,1,0
BRF:4
BRH:2
end_of_record
TN:
SF:src\routes\admin.routes.ts
FN:10,(anonymous_0)
FN:20,(anonymous_1)
FN:28,(anonymous_2)
FN:34,(anonymous_3)
FN:37,(anonymous_4)
FN:54,(anonymous_5)
FN:67,(anonymous_6)
FNF:7
FNH:6
FNDA:1,(anonymous_0)
FNDA:1,(anonymous_1)
FNDA:1,(anonymous_2)
FNDA:1,(anonymous_3)
FNDA:0,(anonymous_4)
FNDA:1,(anonymous_5)
FNDA:1,(anonymous_6)
DA:5,1
DA:7,1
DA:10,1
DA:11,1
DA:12,1
DA:13,1
DA:14,1
DA:16,1
DA:20,1
DA:23,1
DA:28,1
DA:29,1
DA:30,1
DA:31,1
DA:34,1
DA:37,0
DA:39,1
DA:49,0
DA:54,1
DA:55,1
DA:56,1
DA:60,1
DA:62,0
DA:67,1
DA:68,1
DA:69,1
DA:70,1
DA:74,1
DA:76,0
LF:29
LH:25
BRDA:30,0,0,1
BRDA:30,0,1,1
BRF:2
BRH:2
end_of_record
TN:
SF:src\routes\auth.routes.ts
FN:24,signAccessToken
FN:32,signRefreshToken
FN:41,(anonymous_2)
FN:45,(anonymous_3)
FN:87,(anonymous_4)
FN:122,(anonymous_5)
FN:124,(anonymous_6)
FN:150,(anonymous_7)
FNF:8
FNH:7
FNDA:2,signAccessToken
FNDA:2,signRefreshToken
FNDA:3,(anonymous_2)
FNDA:3,(anonymous_3)
FNDA:4,(anonymous_4)
FNDA:1,(anonymous_5)
FNDA:0,(anonymous_6)
FNDA:1,(anonymous_7)
DA:8,1
DA:10,1
DA:11,1
DA:13,1
DA:19,1
DA:25,2
DA:33,2
DA:41,1
DA:42,3
DA:43,3
DA:44,3
DA:45,3
DA:48,2
DA:50,2
DA:51,2
DA:52,1
DA:55,1
DA:56,1
DA:67,1
DA:68,1
DA:70,1
DA:77,1
DA:82,2
DA:87,1
DA:88,4
DA:89,4
DA:90,4
DA:91,1
DA:94,3
DA:96,3
DA:97,3
DA:99,2
DA:100,2
DA:102,1
DA:103,1
DA:105,1
DA:112,1
DA:117,3
DA:122,1
DA:123,1
DA:124,1
DA:126,1
DA:128,0
DA:130,0
DA:131,0
DA:133,0
DA:134,0
DA:136,0
DA:143,0
DA:145,1
DA:150,1
DA:151,1
DA:152,1
LF:53
LH:46
BRDA:10,0,0,1
BRDA:10,0,1,0
BRDA:11,1,0,1
BRDA:11,1,1,0
BRDA:44,2,0,1
BRDA:44,2,1,2
BRDA:51,3,0,1
BRDA:51,3,1,1
BRDA:90,4,0,1
BRDA:90,4,1,3
BRDA:97,5,0,1
BRDA:97,5,1,2
BRDA:100,6,0,1
BRDA:100,6,1,1
BRDA:126,7,0,1
BRDA:126,7,1,0
BRDA:131,8,0,0
BRDA:131,8,1,0
BRF:18
BRH:13
end_of_record
TN:
SF:src\routes\cart.routes.ts
FN:10,(anonymous_0)
FN:31,(anonymous_1)
FN:67,(anonymous_2)
FN:97,(anonymous_3)
FNF:4
FNH:4
FNDA:1,(anonymous_0)
FNDA:2,(anonymous_1)
FNDA:3,(anonymous_2)
FNDA:2,(anonymous_3)
DA:6,1
DA:7,1
DA:10,1
DA:11,1
DA:12,1
DA:17,1
DA:18,1
DA:24,1
DA:26,0
DA:31,1
DA:32,2
DA:33,2
DA:35,2
DA:36,2
DA:37,0
DA:40,2
DA:44,2
DA:45,1
DA:50,1
DA:55,2
DA:60,2
DA:62,0
DA:67,1
DA:68,3
DA:69,3
DA:70,3
DA:72,3
DA:73,1
DA:76,2
DA:77,1
DA:79,1
DA:85,2
DA:90,2
DA:92,1
DA:97,1
DA:98,2
DA:99,2
DA:100,2
DA:102,1
DA:104,1
DA:108,1
DA:110,1
LF:42
LH:39
BRDA:17,0,0,1
BRDA:17,0,1,0
BRDA:33,1,0,0
BRDA:36,2,0,0
BRDA:36,2,1,2
BRDA:44,3,0,1
BRDA:44,3,1,1
BRDA:72,4,0,1
BRDA:72,4,1,2
BRDA:72,5,0,3
BRDA:72,5,1,2
BRDA:76,6,0,1
BRDA:76,6,1,1
BRDA:100,7,0,1
BRDA:100,7,1,1
BRDA:100,8,0,2
BRDA:100,8,1,1
BRF:17
BRH:14
end_of_record
TN:
SF:src\routes\coupons.routes.ts
FN:9,(anonymous_0)
FN:32,(anonymous_1)
FN:42,(anonymous_2)
FN:52,(anonymous_3)
FNF:4
FNH:4
FNDA:4,(anonymous_0)
FNDA:1,(anonymous_1)
FNDA:1,(anonymous_2)
FNDA:1,(anonymous_3)
DA:6,1
DA:9,1
DA:10,4
DA:11,4
DA:12,4
DA:14,3
DA:15,1
DA:18,2
DA:19,1
DA:22,1
DA:24,3
DA:29,1
DA:32,1
DA:33,1
DA:34,1
DA:35,1
DA:37,0
DA:42,1
DA:43,1
DA:44,1
DA:45,1
DA:47,0
DA:52,1
DA:53,1
DA:54,1
DA:58,1
DA:60,0
LF:27
LH:24
BRDA:12,0,0,1
BRDA:12,0,1,3
BRDA:14,1,0,1
BRDA:14,1,1,2
BRDA:14,2,0,3
BRDA:14,2,1,3
BRDA:18,3,0,1
BRDA:18,3,1,1
BRDA:18,4,0,2
BRDA:18,4,1,2
BRF:10
BRH:10
end_of_record
TN:
SF:src\routes\orders.routes.ts
FN:21,(anonymous_0)
FN:25,(anonymous_1)
FN:71,(anonymous_2)
FN:121,(anonymous_3)
FN:135,(anonymous_4)
FNF:5
FNH:4
FNDA:1,(anonymous_0)
FNDA:0,(anonymous_1)
FNDA:1,(anonymous_2)
FNDA:1,(anonymous_3)
FNDA:2,(anonymous_4)
DA:8,1
DA:9,1
DA:11,1
DA:21,1
DA:22,1
DA:23,1
DA:24,1
DA:25,0
DA:28,1
DA:30,1
DA:31,1
DA:33,1
DA:34,1
DA:35,1
DA:36,1
DA:38,1
DA:39,1
DA:46,1
DA:47,1
DA:49,1
DA:50,0
DA:51,0
DA:52,0
DA:53,0
DA:54,0
DA:56,0
DA:59,0
DA:61,0
DA:62,0
DA:64,0
DA:66,0
DA:69,1
DA:71,1
DA:72,1
DA:87,1
DA:88,1
DA:94,1
DA:95,0
DA:102,0
DA:110,1
DA:113,1
DA:115,0
DA:116,0
DA:121,1
DA:122,1
DA:123,1
DA:128,1
DA:130,0
DA:135,1
DA:136,2
DA:137,2
DA:141,2
DA:142,1
DA:143,0
DA:145,1
DA:147,1
LF:56
LH:38
BRDA:24,0,0,0
BRDA:24,0,1,1
BRDA:35,1,0,0
BRDA:35,1,1,1
BRDA:36,2,0,0
BRDA:36,2,1,1
BRDA:49,3,0,0
BRDA:49,3,1,1
BRDA:51,4,0,0
BRDA:51,4,1,0
BRDA:52,5,0,0
BRDA:52,5,1,0
BRDA:52,6,0,0
BRDA:52,6,1,0
BRDA:53,7,0,0
BRDA:53,7,1,0
BRDA:54,8,0,0
BRDA:54,8,1,0
BRDA:54,9,0,0
BRDA:54,9,1,0
BRDA:59,10,0,0
BRDA:59,10,1,0
BRDA:61,11,0,0
BRDA:61,11,1,0
BRDA:94,12,0,0
BRDA:94,12,1,1
BRDA:141,13,0,1
BRDA:141,13,1,1
BRDA:142,14,0,0
BRDA:142,14,1,1
BRDA:142,15,0,1
BRDA:142,15,1,0
BRF:32
BRH:9
end_of_record
TN:
SF:src\routes\payments.routes.ts
FN:17,(anonymous_0)
FN:59,(anonymous_1)
FN:70,(anonymous_2)
FN:101,(anonymous_3)
FNF:4
FNH:4
FNDA:1,(anonymous_0)
FNDA:2,(anonymous_1)
FNDA:1,(anonymous_2)
FNDA:1,(anonymous_3)
DA:9,1
DA:11,1
DA:17,1
DA:18,1
DA:19,1
DA:20,1
DA:22,1
DA:23,0
DA:26,1
DA:27,0
DA:30,1
DA:40,1
DA:42,0
DA:47,0
DA:53,1
DA:54,1
DA:59,1
DA:60,2
DA:61,2
DA:63,2
DA:64,2
DA:69,2
DA:70,1
DA:71,1
DA:83,1
DA:87,1
DA:90,1
DA:92,1
DA:95,1
DA:96,1
DA:101,1
DA:102,1
DA:103,1
DA:105,1
DA:107,1
DA:109,0
DA:110,0
DA:111,0
DA:113,0
DA:114,0
DA:116,0
DA:120,0
DA:121,0
DA:129,0
DA:133,0
DA:135,0
DA:136,0
DA:139,1
DA:140,1
LF:49
LH:33
BRDA:12,0,0,1
BRDA:12,0,1,0
BRDA:13,1,0,1
BRDA:13,1,1,0
BRDA:22,2,0,0
BRDA:22,2,1,1
BRDA:22,3,0,1
BRDA:22,3,1,1
BRDA:26,4,0,0
BRDA:26,4,1,1
BRDA:65,5,0,2
BRDA:65,5,1,0
BRDA:69,6,0,1
BRDA:69,6,1,1
BRDA:102,7,0,1
BRDA:102,7,1,0
BRDA:109,8,0,0
BRDA:109,8,1,0
BRDA:113,9,0,0
BRDA:113,9,1,0
BRDA:113,10,0,0
BRDA:113,10,1,0
BRDA:120,11,0,0
BRDA:120,11,1,0
BRDA:120,12,0,0
BRDA:120,12,1,0
BRF:26
BRH:10
end_of_record
TN:
SF:src\routes\products.routes.ts
FN:10,(anonymous_0)
FN:62,(anonymous_1)
FN:64,(anonymous_2)
FN:71,(anonymous_3)
FN:89,(anonymous_4)
FN:101,(anonymous_5)
FN:111,(anonymous_6)
FN:132,(anonymous_7)
FN:145,(anonymous_8)
FN:157,(anonymous_9)
FN:167,(anonymous_10)
FNF:11
FNH:11
FNDA:2,(anonymous_0)
FNDA:2,(anonymous_1)
FNDA:2,(anonymous_2)
FNDA:2,(anonymous_3)
FNDA:1,(anonymous_4)
FNDA:2,(anonymous_5)
FNDA:2,(anonymous_6)
FNDA:2,(anonymous_7)
FNDA:1,(anonymous_8)
FNDA:1,(anonymous_9)
FNDA:1,(anonymous_10)
DA:7,1
DA:10,1
DA:11,2
DA:21,2
DA:23,2
DA:24,2
DA:25,2
DA:27,2
DA:29,2
DA:30,1
DA:33,2
DA:34,1
DA:37,2
DA:38,1
DA:39,1
DA:40,1
DA:47,2
DA:48,2
DA:49,2
DA:51,2
DA:62,2
DA:63,2
DA:64,2
DA:66,2
DA:69,2
DA:70,1
DA:71,2
DA:74,2
DA:75,2
DA:77,2
DA:84,0
DA:89,1
DA:90,1
DA:91,1
DA:94,1
DA:96,0
DA:101,1
DA:102,2
DA:103,2
DA:108,2
DA:110,1
DA:111,2
DA:114,1
DA:116,1
DA:121,1
DA:123,1
DA:132,1
DA:133,2
DA:134,2
DA:135,2
DA:136,1
DA:138,1
DA:139,1
DA:141,1
DA:145,1
DA:146,1
DA:147,1
DA:151,1
DA:153,0
DA:157,1
DA:158,1
DA:159,1
DA:160,1
DA:162,0
DA:167,1
DA:168,1
DA:169,1
DA:170,1
DA:172,0
LF:69
LH:64
BRDA:13,0,0,2
BRDA:14,1,0,2
BRDA:29,2,0,1
BRDA:29,2,1,1
BRDA:33,3,0,1
BRDA:33,3,1,1
BRDA:33,4,0,2
BRDA:33,4,1,1
BRDA:37,5,0,1
BRDA:37,5,1,1
BRDA:37,6,0,2
BRDA:37,6,1,1
BRDA:39,7,0,1
BRDA:39,7,1,0
BRDA:40,8,0,1
BRDA:40,8,1,0
BRDA:48,9,0,1
BRDA:48,9,1,1
BRDA:49,10,0,1
BRDA:49,10,1,1
BRDA:63,11,0,1
BRDA:63,11,1,1
BRDA:69,12,0,1
BRDA:69,12,1,1
BRDA:108,13,0,1
BRDA:108,13,1,1
BRDA:110,14,0,1
BRDA:110,14,1,0
BRDA:135,15,0,1
BRDA:135,15,1,1
BRF:30
BRH:27
end_of_record
TN:
SF:src\routes\profile.routes.ts
FN:10,(anonymous_0)
FN:23,(anonymous_1)
FN:48,(anonymous_2)
FNF:3
FNH:3
FNDA:1,(anonymous_0)
FNDA:1,(anonymous_1)
FNDA:1,(anonymous_2)
DA:6,1
DA:7,1
DA:10,1
DA:11,1
DA:12,1
DA:16,1
DA:18,0
DA:23,1
DA:24,1
DA:25,1
DA:27,1
DA:28,0
DA:34,1
DA:41,1
DA:43,0
DA:48,1
DA:49,1
DA:50,1
DA:51,1
DA:52,0
DA:55,1
DA:56,1
DA:58,0
LF:23
LH:18
BRDA:27,0,0,0
BRDA:27,0,1,1
BRDA:37,1,0,1
BRDA:37,1,1,1
BRDA:51,2,0,0
BRDA:51,2,1,1
BRDA:51,3,0,1
BRDA:51,3,1,1
BRF:8
BRH:6
end_of_record
TN:
SF:src\routes\reviews.routes.ts
FN:16,(anonymous_0)
FN:30,(anonymous_1)
FN:65,(anonymous_2)
FNF:3
FNH:3
FNDA:1,(anonymous_0)
FNDA:1,(anonymous_1)
FNDA:1,(anonymous_2)
DA:7,1
DA:9,1
DA:16,1
DA:17,1
DA:18,1
DA:23,1
DA:25,0
DA:30,1
DA:31,1
DA:32,1
DA:33,1
DA:34,0
DA:37,1
DA:40,1
DA:44,1
DA:45,0
DA:48,1
DA:58,1
DA:60,0
DA:65,1
DA:66,1
DA:67,1
DA:68,1
DA:70,1
DA:71,0
DA:74,1
DA:75,1
DA:77,0
LF:28
LH:22
BRDA:33,0,0,0
BRDA:33,0,1,1
BRDA:44,1,0,0
BRDA:44,1,1,1
BRDA:68,2,0,0
BRDA:68,2,1,1
BRDA:70,3,0,0
BRDA:70,3,1,1
BRDA:70,4,0,1
BRDA:70,4,1,0
BRF:10
BRH:5
end_of_record
TN:
SF:src\routes\wishlist.routes.ts
FN:11,(anonymous_0)
FN:36,(anonymous_1)
FN:73,(anonymous_2)
FN:80,(anonymous_3)
FNF:4
FNH:3
FNDA:1,(anonymous_0)
FNDA:1,(anonymous_1)
FNDA:1,(anonymous_2)
FNDA:0,(anonymous_3)
DA:7,1
DA:8,1
DA:11,1
DA:12,1
DA:13,1
DA:18,1
DA:19,0
DA:25,1
DA:27,0
DA:31,1
DA:36,1
DA:37,1
DA:38,1
DA:39,1
DA:40,0
DA:43,1
DA:45,1
DA:46,1
DA:47,0
DA:50,1
DA:54,1
DA:55,0
DA:56,0
DA:59,1
DA:66,1
DA:68,0
DA:73,1
DA:74,1
DA:75,1
DA:76,1
DA:78,1
DA:80,0
DA:82,1
DA:84,0
LF:34
LH:25
BRDA:18,0,0,0
BRDA:18,0,1,1
BRDA:39,1,0,0
BRDA:39,1,1,1
BRDA:46,2,0,0
BRDA:46,2,1,1
BRDA:54,3,0,0
BRDA:54,3,1,1
BRDA:76,4,0,0
BRDA:76,4,1,1
BRF:10
BRH:5
end_of_record
TN:
SF:src\utils\logger.ts
FNF:0
FNH:0
DA:3,1
DA:15,1
DA:16,1
LF:3
LH:3
BRDA:15,0,0,1
BRDA:15,0,1,0
BRF:2
BRH:1
end_of_record
TN:
SF:src\utils\prisma.ts
FNF:0
FNH:0
DA:3,0
LF:1
LH:0
BRF:0
BRH:0
end_of_record
